#
# A fatal error has been detected by the Java Runtime Environment:
#
#  SIGSEGV (0xb) at pc=0x00007ff173cd634e, pid=26398, tid=0x00007ff146428700
#
# JRE version: OpenJDK Runtime Environment (8.0_292-b10) (build 1.8.0_292-8u292-b10-0ubuntu1~20.04-b10)
# Java VM: OpenJDK 64-Bit Server VM (25.292-b10 mixed mode linux-amd64 compressed oops)
# Problematic frame:
# V  [libjvm.so+0x3f734e]
#
# Failed to write core dump. Core dumps have been disabled. To enable core dumping, try "ulimit -c unlimited" before starting Java again
#
# If you would like to submit a bug report, please visit:
#   http://bugreport.java.com/bugreport/crash.jsp
#

---------------  T H R E A D  ---------------

Current thread (0x00007ff16c549000):  JavaThread "C2 CompilerThread2" daemon [_thread_in_native, id=26426, stack(0x00007ff146329000,0x00007ff146429000)]

siginfo: si_signo: 11 (SIGSEGV), si_code: 2 (SEGV_ACCERR), si_addr: 0x00007ff1066f7708

Registers:
RAX=0x00007ff1046e8530, RBX=0x0000000000000010, RCX=0x00007ff1746d9730, RDX=0x0000000000401e3b
RSP=0x00007ff146425ac0, RBP=0x00007ff146425b70, RSI=0x0000000000000000, RDI=0x0000000000000003
R8 =0x0000000000000000, R9 =0x0000000000000000, R10=0x0000000000000019, R11=0x00007ff0f076ed90
R12=0x00007ff108a337e0, R13=0x00007ff0f0407a30, R14=0x00007ff0f0407a30, R15=0x0000000000000002
RIP=0x00007ff173cd634e, EFLAGS=0x0000000000010293, CSGSFS=0x002b000000000033, ERR=0x0000000000000004
  TRAPNO=0x000000000000000e

Top of Stack: (sp=0x00007ff146425ac0)
0x00007ff146425ac0:   00007ff1041e47e8 00007ff16c5a8080
0x00007ff146425ad0:   00007ff146425d20 00007ff1041e4700
0x00007ff146425ae0:   000000006c5a8080 00007ff100000000
0x00007ff146425af0:   00007ff146425b90 00007ff1041e4700
0x00007ff146425b00:   00007ff100000001 00007ff146426470
0x00007ff146425b10:   00007ff1085d5c38 00007ff173bb5d2f
0x00007ff146425b20:   00007ff1085d5d40 00007ff146426470
0x00007ff146425b30:   0000000000000002 50b33fd36b302d00
0x00007ff146425b40:   000000000000001a 00007ff0f0407a30
0x00007ff146425b50:   00007ff146426470 00007ff0f0407a30
0x00007ff146425b60:   00007ff0f0408ab0 00007ff1081823b0
0x00007ff146425b70:   00007ff146425ba0 00007ff1742b0f29
0x00007ff146425b80:   00007ff146425c30 00007ff104a84048
0x00007ff146425b90:   00007ff0f0407a30 00007ff0f0408ab0
0x00007ff146425ba0:   00007ff146425c00 00007ff173edf1f4
0x00007ff146425bb0:   00007ff146425db0 00007ff0f0235710
0x00007ff146425bc0:   00007ff146425c00 00007ff1742ac48e
0x00007ff146425bd0:   00007ff0f0235710 00007ff1085d59d0
0x00007ff146425be0:   00007ff146425c30 00007ff104a84048
0x00007ff146425bf0:   00007ff146426470 00007ff146425d20
0x00007ff146425c00:   00007ff146425cc0 00007ff174286da1
0x00007ff146425c10:   000000000000dfa8 00007ff146425d20
0x00007ff146425c20:   00007ff146425c50 0000000000000400
0x00007ff146425c30:   00007ff1745fa4e8 00007ff100000001
0x00007ff146425c40:   00007ff146426ef0 00007ff146427a70
0x00007ff146425c50:   00007ff146426470 00007ff104a84048
0x00007ff146425c60:   0000000000000000 00007ff1000001e4
0x00007ff146425c70:   00007ff104459190 00007ff000000000
0x00007ff146425c80:   0000000000000000 50b33fd36b302d00
0x00007ff146425c90:   0000000000000000 00007ff146425d20
0x00007ff146425ca0:   0000000000000000 00007ff0f020ed70
0x00007ff146425cb0:   0000000000000000 00007ff1085d5df8 

Instructions: (pc=0x00007ff173cd634e)
0x00007ff173cd632e:   e0 0f 66 83 f8 08 0f 84 46 03 00 00 48 8b 45 98
0x00007ff173cd633e:   41 8b 54 24 28 48 8d 0d e6 33 a0 00 48 8b 40 50
0x00007ff173cd634e:   48 8b 04 d0 48 39 01 0f 84 ed 05 00 00 83 45 90
0x00007ff173cd635e:   01 41 8b 7e 18 41 83 c7 01 41 39 ff 73 29 49 8b 

Register to memory mapping:

RAX=0x00007ff1046e8530 is an unknown value
RBX=0x0000000000000010 is an unknown value
RCX=0x00007ff1746d9730: <offset 0xdfa730> in /usr/lib/jvm/java-8-openjdk-amd64/jre/lib/amd64/server/libjvm.so at 0x00007ff1738df000
RDX=0x0000000000401e3b is an unknown value
RSP=0x00007ff146425ac0 is pointing into the stack for thread: 0x00007ff16c549000
RBP=0x00007ff146425b70 is pointing into the stack for thread: 0x00007ff16c549000
RSI=0x0000000000000000 is an unknown value
RDI=0x0000000000000003 is an unknown value
R8 =0x0000000000000000 is an unknown value
R9 =0x0000000000000000 is an unknown value
R10=0x0000000000000019 is an unknown value
R11=0x00007ff0f076ed90 is an unknown value
R12=0x00007ff108a337e0 is an unknown value
R13=0x00007ff0f0407a30 is an unknown value
R14=0x00007ff0f0407a30 is an unknown value
R15=0x0000000000000002 is an unknown value


Stack: [0x00007ff146329000,0x00007ff146429000],  sp=0x00007ff146425ac0,  free space=1010k
Native frames: (J=compiled Java code, j=interpreted, Vv=VM code, C=native code)
V  [libjvm.so+0x3f734e]
V  [libjvm.so+0x9d1f29]
V  [libjvm.so+0x6001f4]
V  [libjvm.so+0x9a7da1]
V  [libjvm.so+0x9b0832]
V  [libjvm.so+0x3e4d12]
V  [libjvm.so+0x55e6ad]
V  [libjvm.so+0x9b78ad]
V  [libjvm.so+0x9af980]
V  [libjvm.so+0x9afb73]
V  [libjvm.so+0x9b07f7]
V  [libjvm.so+0x3e4d12]
V  [libjvm.so+0x48fefd]
V  [libjvm.so+0x3e4368]
V  [libjvm.so+0x4994db]
V  [libjvm.so+0x49ad68]
V  [libjvm.so+0xada790]
V  [libjvm.so+0xadaae2]
V  [libjvm.so+0x97d790]
C  [libpthread.so.0+0x9609]  start_thread+0xd9


Current CompileTask:
C2:  86725 1534       4       org.eclipse.jdt.launching.internal.org.objectweb.asm.ClassReader::readStackMapFrame (535 bytes)


---------------  P R O C E S S  ---------------

Java Threads: ( => current thread )
  0x00007ff0f0575000 JavaThread "parallel-5" daemon [_thread_blocked, id=26597, stack(0x00007ff144693000,0x00007ff144794000)]
  0x00007ff0f047d800 JavaThread "reactor-http-epoll-8" daemon [_thread_in_native, id=26596, stack(0x00007ff0c3eff000,0x00007ff0c4000000)]
  0x00007ff0f047c000 JavaThread "reactor-http-epoll-7" daemon [_thread_in_native, id=26595, stack(0x00007ff13009d000,0x00007ff13019e000)]
  0x00007ff0f047a000 JavaThread "reactor-http-epoll-6" daemon [_thread_in_native, id=26594, stack(0x00007ff13019e000,0x00007ff13029f000)]
  0x00007ff0f0478000 JavaThread "reactor-http-epoll-5" daemon [_thread_in_native, id=26593, stack(0x00007ff13029f000,0x00007ff1303a0000)]
  0x00007ff0f0476000 JavaThread "reactor-http-epoll-4" daemon [_thread_in_native, id=26592, stack(0x00007ff144100000,0x00007ff144201000)]
  0x00007ff0f0474000 JavaThread "reactor-http-epoll-3" daemon [_thread_in_native, id=26591, stack(0x00007ff144201000,0x00007ff144302000)]
  0x00007ff0f0472800 JavaThread "reactor-http-epoll-2" daemon [_thread_in_native, id=26590, stack(0x00007ff144302000,0x00007ff144403000)]
  0x00007ff0f0439000 JavaThread "reactor-http-epoll-1" daemon [_thread_in_native, id=26589, stack(0x00007ff144a0d000,0x00007ff144b0e000)]
  0x00007ff0f818c000 JavaThread "parallel-4" daemon [_thread_blocked, id=26588, stack(0x00007ff144f1e000,0x00007ff14501f000)]
  0x00007ff0f8189800 JavaThread "reactor-executor-1" [_thread_in_Java, id=26587, stack(0x00007ff14501f000,0x00007ff145120000)]
  0x00007ff0f8164800 JavaThread "parallel-3" daemon [_thread_blocked, id=26586, stack(0x00007ff145120000,0x00007ff145221000)]
  0x00007ff0f815e800 JavaThread "parallel-2" daemon [_thread_in_vm, id=26585, stack(0x00007ff145221000,0x00007ff145322000)]
  0x00007ff0f815b800 JavaThread "parallel-1" daemon [_thread_blocked, id=26584, stack(0x00007ff145322000,0x00007ff145423000)]
  0x00007ff16cb35800 JavaThread "pool-3-thread-1" [_thread_blocked, id=26578, stack(0x00007ff145623000,0x00007ff145724000)]
  0x00007ff16c699800 JavaThread "boundedElastic-evictor-1" daemon [_thread_blocked, id=26558, stack(0x00007ff145724000,0x00007ff145825000)]
  0x00007ff16c5fd800 JavaThread "Service Thread" daemon [_thread_blocked, id=26428, stack(0x00007ff146126000,0x00007ff146227000)]
  0x00007ff16c54b000 JavaThread "C1 CompilerThread3" daemon [_thread_in_vm, id=26427, stack(0x00007ff146228000,0x00007ff146328000)]
=>0x00007ff16c549000 JavaThread "C2 CompilerThread2" daemon [_thread_in_native, id=26426, stack(0x00007ff146329000,0x00007ff146429000)]
  0x00007ff16c545000 JavaThread "C2 CompilerThread1" daemon [_thread_in_native, id=26425, stack(0x00007ff14642a000,0x00007ff14652a000)]
  0x00007ff16c544000 JavaThread "C2 CompilerThread0" daemon [_thread_in_native, id=26424, stack(0x00007ff14652b000,0x00007ff14662b000)]
  0x00007ff120001800 JavaThread "JDWP Command Reader" daemon [_thread_in_native, id=26420, stack(0x00007ff1466e7000,0x00007ff1467e8000)]
  0x00007ff16c224000 JavaThread "JDWP Event Helper Thread" daemon [_thread_blocked, id=26419, stack(0x00007ff1467e8000,0x00007ff1468e9000)]
  0x00007ff16c220800 JavaThread "JDWP Transport Listener: dt_socket" daemon [_thread_blocked, id=26418, stack(0x00007ff1468e9000,0x00007ff1469ea000)]
  0x00007ff16c208800 JavaThread "Signal Dispatcher" daemon [_thread_blocked, id=26416, stack(0x00007ff1469ea000,0x00007ff146aeb000)]
  0x00007ff16c1dc000 JavaThread "Finalizer" daemon [_thread_blocked, id=26415, stack(0x00007ff146aeb000,0x00007ff146bec000)]
  0x00007ff16c1d7000 JavaThread "Reference Handler" daemon [_thread_blocked, id=26414, stack(0x00007ff146bec000,0x00007ff146ced000)]
  0x00007ff16c010000 JavaThread "main" [_thread_blocked, id=26403, stack(0x00007ff173493000,0x00007ff173593000)]

Other Threads:
  0x00007ff16c1cd800 VMThread [stack: 0x00007ff146cee000,0x00007ff146dee000] [id=26413]
  0x00007ff16c600000 WatcherThread [stack: 0x00007ff146026000,0x00007ff146126000] [id=26429]

VM state:not at safepoint (normal execution)

VM Mutex/Monitor currently owned by a thread: None

heap address: 0x00000006c7400000, size: 3980 MB, Compressed Oops mode: Zero based, Oop shift amount: 3
Narrow klass base: 0x0000000000000000, Narrow klass shift: 3
Compressed class space size: 1073741824 Address: 0x00000007c0000000

Heap:
 PSYoungGen      total 74752K, used 24637K [0x000000076d180000, 0x0000000776280000, 0x00000007c0000000)
  eden space 64512K, 30% used [0x000000076d180000,0x000000076e481db0,0x0000000771080000)
  from space 10240K, 50% used [0x0000000771080000,0x000000077158d9a8,0x0000000771a80000)
  to   space 9728K, 0% used [0x0000000775900000,0x0000000775900000,0x0000000776280000)
 ParOldGen       total 70656K, used 5566K [0x00000006c7400000, 0x00000006cb900000, 0x000000076d180000)
  object space 70656K, 7% used [0x00000006c7400000,0x00000006c796faf8,0x00000006cb900000)
 Metaspace       used 27425K, capacity 28230K, committed 28544K, reserved 1075200K
  class space    used 3398K, capacity 3633K, committed 3712K, reserved 1048576K

Card table byte_map: [0x00007ff171a6f000,0x00007ff172236000] byte_map_base: 0x00007ff16e435000

Marking Bits: (ParMarkBitMap*) 0x00007ff1746c36c0
 Begin Bits: [0x00007ff1303a0000, 0x00007ff1341d0000)
 End Bits:   [0x00007ff1341d0000, 0x00007ff138000000)

Polling page: 0x00007ff17496b000

CodeCache: size=245760Kb used=6205Kb max_used=6205Kb free=239554Kb
 bounds [0x00007ff15d000000, 0x00007ff15d620000, 0x00007ff16c000000]
 total_blobs=2032 nmethods=1492 adapters=461
 compilation: enabled

Compilation events (10 events):
Event: 86.707 Thread 0x00007ff16c54b000 nmethod 1609 0x00007ff15d26c5d0 code [0x00007ff15d26c760, 0x00007ff15d26c9c8]
Event: 86.707 Thread 0x00007ff16c54b000 1607       3       sun.security.ssl.CipherSuite::isAvailable (52 bytes)
Event: 86.708 Thread 0x00007ff16c54b000 nmethod 1607 0x00007ff15d2692d0 code [0x00007ff15d269460, 0x00007ff15d269938]
Event: 86.711 Thread 0x00007ff16c54b000 1612       3       java.util.regex.Pattern::split (290 bytes)
Event: 86.717 Thread 0x00007ff16c54b000 nmethod 1612 0x00007ff15d5f7550 code [0x00007ff15d5f7ac0, 0x00007ff15d5fb518]
Event: 86.717 Thread 0x00007ff16c54b000 1617       2       java.util.regex.Matcher::end (22 bytes)
Event: 86.717 Thread 0x00007ff16c54b000 nmethod 1617 0x00007ff15d26c190 code [0x00007ff15d26c300, 0x00007ff15d26c508]
Event: 86.717 Thread 0x00007ff16c54b000 1614       2       sun.security.ssl.SSLAlgorithmDecomposer::decomposes (236 bytes)
Event: 86.720 Thread 0x00007ff16c54b000 nmethod 1614 0x00007ff15d267990 code [0x00007ff15d267c80, 0x00007ff15d268718]
Event: 86.720 Thread 0x00007ff16c54b000 1615       2       sun.security.ssl.SSLAlgorithmDecomposer::decomposes (175 bytes)

GC Heap History (10 events):
Event: 42.618 GC heap before
{Heap before GC invocations=2 (full 0):
 PSYoungGen      total 74752K, used 71180K [0x000000076d180000, 0x0000000772480000, 0x00000007c0000000)
  eden space 64512K, 100% used [0x000000076d180000,0x0000000771080000,0x0000000771080000)
  from space 10240K, 65% used [0x0000000771080000,0x0000000771703308,0x0000000771a80000)
  to   space 10240K, 0% used [0x0000000771a80000,0x0000000771a80000,0x0000000772480000)
 ParOldGen       total 171008K, used 8K [0x00000006c7400000, 0x00000006d1b00000, 0x000000076d180000)
  object space 171008K, 0% used [0x00000006c7400000,0x00000006c7402000,0x00000006d1b00000)
 Metaspace       used 15035K, capacity 15350K, committed 15744K, reserved 1062912K
  class space    used 1737K, capacity 1863K, committed 1920K, reserved 1048576K
Event: 42.625 GC heap after
Heap after GC invocations=2 (full 0):
 PSYoungGen      total 74752K, used 7505K [0x000000076d180000, 0x0000000772480000, 0x00000007c0000000)
  eden space 64512K, 0% used [0x000000076d180000,0x000000076d180000,0x0000000771080000)
  from space 10240K, 73% used [0x0000000771a80000,0x00000007721d44a0,0x0000000772480000)
  to   space 10240K, 0% used [0x0000000771080000,0x0000000771080000,0x0000000771a80000)
 ParOldGen       total 171008K, used 16K [0x00000006c7400000, 0x00000006d1b00000, 0x000000076d180000)
  object space 171008K, 0% used [0x00000006c7400000,0x00000006c7404000,0x00000006d1b00000)
 Metaspace       used 15035K, capacity 15350K, committed 15744K, reserved 1062912K
  class space    used 1737K, capacity 1863K, committed 1920K, reserved 1048576K
}
Event: 85.723 GC heap before
{Heap before GC invocations=3 (full 0):
 PSYoungGen      total 74752K, used 72017K [0x000000076d180000, 0x0000000772480000, 0x00000007c0000000)
  eden space 64512K, 100% used [0x000000076d180000,0x0000000771080000,0x0000000771080000)
  from space 10240K, 73% used [0x0000000771a80000,0x00000007721d44a0,0x0000000772480000)
  to   space 10240K, 0% used [0x0000000771080000,0x0000000771080000,0x0000000771a80000)
 ParOldGen       total 171008K, used 17K [0x00000006c7400000, 0x00000006d1b00000, 0x000000076d180000)
  object space 171008K, 0% used [0x00000006c7400000,0x00000006c74045a0,0x00000006d1b00000)
 Metaspace       used 20145K, capacity 20876K, committed 21120K, reserved 1067008K
  class space    used 2478K, capacity 2669K, committed 2688K, reserved 1048576K
Event: 85.736 GC heap after
Heap after GC invocations=3 (full 0):
 PSYoungGen      total 74752K, used 8754K [0x000000076d180000, 0x0000000772480000, 0x00000007c0000000)
  eden space 64512K, 0% used [0x000000076d180000,0x000000076d180000,0x0000000771080000)
  from space 10240K, 85% used [0x0000000771080000,0x000000077190c820,0x0000000771a80000)
  to   space 10240K, 0% used [0x0000000771a80000,0x0000000771a80000,0x0000000772480000)
 ParOldGen       total 171008K, used 25K [0x00000006c7400000, 0x00000006d1b00000, 0x000000076d180000)
  object space 171008K, 0% used [0x00000006c7400000,0x00000006c74065a0,0x00000006d1b00000)
 Metaspace       used 20145K, capacity 20876K, committed 21120K, reserved 1067008K
  class space    used 2478K, capacity 2669K, committed 2688K, reserved 1048576K
}
Event: 85.763 GC heap before
{Heap before GC invocations=4 (full 0):
 PSYoungGen      total 74752K, used 12588K [0x000000076d180000, 0x0000000772480000, 0x00000007c0000000)
  eden space 64512K, 5% used [0x000000076d180000,0x000000076d53ebc8,0x0000000771080000)
  from space 10240K, 85% used [0x0000000771080000,0x000000077190c820,0x0000000771a80000)
  to   space 10240K, 0% used [0x0000000771a80000,0x0000000771a80000,0x0000000772480000)
 ParOldGen       total 171008K, used 25K [0x00000006c7400000, 0x00000006d1b00000, 0x000000076d180000)
  object space 171008K, 0% used [0x00000006c7400000,0x00000006c74065a0,0x00000006d1b00000)
 Metaspace       used 20467K, capacity 21144K, committed 21296K, reserved 1069056K
  class space    used 2507K, capacity 2675K, committed 2688K, reserved 1048576K
Event: 85.777 GC heap after
Heap after GC invocations=4 (full 0):
 PSYoungGen      total 74752K, used 5653K [0x000000076d180000, 0x0000000776380000, 0x00000007c0000000)
  eden space 64512K, 0% used [0x000000076d180000,0x000000076d180000,0x0000000771080000)
  from space 10240K, 55% used [0x0000000771a80000,0x0000000772005738,0x0000000772480000)
  to   space 10240K, 0% used [0x0000000771080000,0x0000000771080000,0x0000000771a80000)
 ParOldGen       total 171008K, used 33K [0x00000006c7400000, 0x00000006d1b00000, 0x000000076d180000)
  object space 171008K, 0% used [0x00000006c7400000,0x00000006c74085a0,0x00000006d1b00000)
 Metaspace       used 20467K, capacity 21144K, committed 21296K, reserved 1069056K
  class space    used 2507K, capacity 2675K, committed 2688K, reserved 1048576K
}
Event: 85.777 GC heap before
{Heap before GC invocations=5 (full 1):
 PSYoungGen      total 74752K, used 5653K [0x000000076d180000, 0x0000000776380000, 0x00000007c0000000)
  eden space 64512K, 0% used [0x000000076d180000,0x000000076d180000,0x0000000771080000)
  from space 10240K, 55% used [0x0000000771a80000,0x0000000772005738,0x0000000772480000)
  to   space 10240K, 0% used [0x0000000771080000,0x0000000771080000,0x0000000771a80000)
 ParOldGen       total 171008K, used 33K [0x00000006c7400000, 0x00000006d1b00000, 0x000000076d180000)
  object space 171008K, 0% used [0x00000006c7400000,0x00000006c74085a0,0x00000006d1b00000)
 Metaspace       used 20467K, capacity 21144K, committed 21296K, reserved 1069056K
  class space    used 2507K, capacity 2675K, committed 2688K, reserved 1048576K
Event: 85.813 GC heap after
Heap after GC invocations=5 (full 1):
 PSYoungGen      total 74752K, used 0K [0x000000076d180000, 0x0000000776380000, 0x00000007c0000000)
  eden space 64512K, 0% used [0x000000076d180000,0x000000076d180000,0x0000000771080000)
  from space 10240K, 0% used [0x0000000771a80000,0x0000000771a80000,0x0000000772480000)
  to   space 10240K, 0% used [0x0000000771080000,0x0000000771080000,0x0000000771a80000)
 ParOldGen       total 70656K, used 5551K [0x00000006c7400000, 0x00000006cb900000, 0x000000076d180000)
  object space 70656K, 7% used [0x00000006c7400000,0x00000006c796be60,0x00000006cb900000)
 Metaspace       used 20467K, capacity 21144K, committed 21296K, reserved 1069056K
  class space    used 2507K, capacity 2675K, committed 2688K, reserved 1048576K
}
Event: 86.468 GC heap before
{Heap before GC invocations=6 (full 1):
 PSYoungGen      total 74752K, used 64512K [0x000000076d180000, 0x0000000776380000, 0x00000007c0000000)
  eden space 64512K, 100% used [0x000000076d180000,0x0000000771080000,0x0000000771080000)
  from space 10240K, 0% used [0x0000000771a80000,0x0000000771a80000,0x0000000772480000)
  to   space 10240K, 0% used [0x0000000771080000,0x0000000771080000,0x0000000771a80000)
 ParOldGen       total 70656K, used 5558K [0x00000006c7400000, 0x00000006cb900000, 0x000000076d180000)
  object space 70656K, 7% used [0x00000006c7400000,0x00000006c796daf8,0x00000006cb900000)
 Metaspace       used 25811K, capacity 26584K, committed 26752K, reserved 1073152K
  class space    used 3192K, capacity 3452K, committed 3456K, reserved 1048576K
Event: 86.475 GC heap after
Heap after GC invocations=6 (full 1):
 PSYoungGen      total 74752K, used 5174K [0x000000076d180000, 0x0000000776280000, 0x00000007c0000000)
  eden space 64512K, 0% used [0x000000076d180000,0x000000076d180000,0x0000000771080000)
  from space 10240K, 50% used [0x0000000771080000,0x000000077158d9a8,0x0000000771a80000)
  to   space 9728K, 0% used [0x0000000775900000,0x0000000775900000,0x0000000776280000)
 ParOldGen       total 70656K, used 5566K [0x00000006c7400000, 0x00000006cb900000, 0x000000076d180000)
  object space 70656K, 7% used [0x00000006c7400000,0x00000006c796faf8,0x00000006cb900000)
 Metaspace       used 25811K, capacity 26584K, committed 26752K, reserved 1073152K
  class space    used 3192K, capacity 3452K, committed 3456K, reserved 1048576K
}

Deoptimization events (10 events):
Event: 85.617 Thread 0x00007ff0f815e800 Uncommon trap: reason=class_check action=maybe_recompile pc=0x00007ff15d444510 method=java.io.DataInputStream.readChar()C @ 4
Event: 85.617 Thread 0x00007ff0f815e800 Uncommon trap: reason=class_check action=maybe_recompile pc=0x00007ff15d444510 method=java.io.DataInputStream.readChar()C @ 4
Event: 85.617 Thread 0x00007ff0f815e800 Uncommon trap: reason=class_check action=maybe_recompile pc=0x00007ff15d444510 method=java.io.DataInputStream.readChar()C @ 4
Event: 85.617 Thread 0x00007ff0f815e800 Uncommon trap: reason=class_check action=maybe_recompile pc=0x00007ff15d444510 method=java.io.DataInputStream.readChar()C @ 4
Event: 85.634 Thread 0x00007ff0f815e800 Uncommon trap: reason=unstable_if action=reinterpret pc=0x00007ff15d45cc40 method=sun.text.normalizer.Trie.getCodePointOffset(I)I @ 9
Event: 85.951 Thread 0x00007ff0f815e800 Uncommon trap: reason=unstable_if action=reinterpret pc=0x00007ff15d4056a4 method=sun.net.www.ParseUtil.encodePath(Ljava/lang/String;Z)Ljava/lang/String; @ 109
Event: 86.317 Thread 0x00007ff0f8189800 Uncommon trap: reason=unstable_if action=reinterpret pc=0x00007ff15d4b0b28 method=java.lang.CharacterData.of(I)Ljava/lang/CharacterData; @ 4
Event: 86.442 Thread 0x00007ff0f815e800 Uncommon trap: reason=unstable_if action=reinterpret pc=0x00007ff15d566f60 method=org.eclipse.jdt.launching.internal.org.objectweb.asm.ClassReader.readMethod(Lorg/eclipse/jdt/launching/internal/org/objectweb/asm/ClassVisitor;Lorg/eclipse/jdt/launching/int
Event: 86.453 Thread 0x00007ff0f815e800 Uncommon trap: reason=unstable_if action=reinterpret pc=0x00007ff15d44098c method=java.io.ByteArrayInputStream.read()I @ 8
Event: 86.705 Thread 0x00007ff0f8189800 Uncommon trap: reason=unstable_if action=reinterpret pc=0x00007ff15d3251d8 method=java.util.HashMap.putVal(ILjava/lang/Object;Ljava/lang/Object;ZZ)Ljava/lang/Object; @ 162

Classes redefined (0 events):
No events

Internal exceptions (10 events):
Event: 85.430 Thread 0x00007ff16cb35800 Exception <a 'java/lang/ArrayIndexOutOfBoundsException': 73> (0x000000076feb3cd8) thrown at [/build/openjdk-8-4TqvnK/openjdk-8-8u292-b10/src/hotspot/src/share/vm/interpreter/interpreterRuntime.cpp, line 371]
Event: 85.478 Thread 0x00007ff16cb35800 Exception <a 'java/lang/NoSuchMethodError': java.lang.Object.lambda$codePoints$1()Ljava/util/Spliterator$OfInt;> (0x0000000770164b90) thrown at [/build/openjdk-8-4TqvnK/openjdk-8-8u292-b10/src/hotspot/src/share/vm/interpreter/linkResolver.cpp, line 616]
Event: 85.494 Thread 0x00007ff16cb35800 Exception <a 'java/lang/ArrayIndexOutOfBoundsException': 198> (0x00000007701ebd60) thrown at [/build/openjdk-8-4TqvnK/openjdk-8-8u292-b10/src/hotspot/src/share/vm/interpreter/interpreterRuntime.cpp, line 371]
Event: 85.497 Thread 0x00007ff16cb35800 Exception <a 'java/lang/ArrayIndexOutOfBoundsException': 100> (0x0000000770213000) thrown at [/build/openjdk-8-4TqvnK/openjdk-8-8u292-b10/src/hotspot/src/share/vm/interpreter/interpreterRuntime.cpp, line 371]
Event: 85.923 Thread 0x00007ff0f815e800 Exception <a 'java/lang/UnsatisfiedLinkError': io.netty.channel.kqueue.Native.sizeofKEvent()I> (0x000000076e115958) thrown at [/build/openjdk-8-4TqvnK/openjdk-8-8u292-b10/src/hotspot/src/share/vm/prims/nativeLookup.cpp, line 505]
Event: 85.926 Thread 0x00007ff0f815e800 Exception <a 'java/lang/ExceptionInInitializerError'> (0x000000076e116688) thrown at [/build/openjdk-8-4TqvnK/openjdk-8-8u292-b10/src/hotspot/src/share/vm/oops/instanceKlass.cpp, line 967]
Event: 85.933 Thread 0x00007ff0f815e800 Exception <a 'java/lang/UnsatisfiedLinkError': io.netty.channel.epoll.Native.offsetofEpollData()I> (0x000000076e26db10) thrown at [/build/openjdk-8-4TqvnK/openjdk-8-8u292-b10/src/hotspot/src/share/vm/prims/nativeLookup.cpp, line 505]
Event: 85.945 Thread 0x00007ff0f815e800 Exception <a 'java/lang/reflect/InvocationTargetException'> (0x000000076e382158) thrown at [/build/openjdk-8-4TqvnK/openjdk-8-8u292-b10/src/hotspot/src/share/vm/runtime/reflection.cpp, line 1090]
Event: 86.352 Thread 0x00007ff0f815e800 Exception <a 'java/lang/reflect/InvocationTargetException'> (0x0000000770a53270) thrown at [/build/openjdk-8-4TqvnK/openjdk-8-8u292-b10/src/hotspot/src/share/vm/runtime/reflection.cpp, line 1090]
Event: 86.630 Thread 0x00007ff0f815e800 Exception <a 'java/lang/NoSuchMethodError': java.lang.Object.lambda$or$2(Ljava/util/function/BiPredicate;Ljava/lang/Object;Ljava/lang/Object;)Z> (0x000000076dc7f398) thrown at [/build/openjdk-8-4TqvnK/openjdk-8-8u292-b10/src/hotspot/src/share/vm/interpret

Events (10 events):
Event: 86.721 Thread 0x00007ff0f815e800 DEOPT PACKING pc=0x00007ff15d38e53c sp=0x00007ff14531d0d0
Event: 86.721 Thread 0x00007ff0f815e800 DEOPT UNPACKING pc=0x00007ff15d0474c4 sp=0x00007ff14531cf10 mode 1
Event: 86.721 loading class io/netty/channel/ChannelHandlerMask
Event: 86.721 loading class io/netty/channel/ChannelHandlerMask done
Event: 86.721 Thread 0x00007ff0f815e800 DEOPT PACKING pc=0x00007ff15d3f6431 sp=0x00007ff14531d9e0
Event: 86.721 Thread 0x00007ff0f815e800 DEOPT UNPACKING pc=0x00007ff15d0474c4 sp=0x00007ff14531d750 mode 1
Event: 86.721 Thread 0x00007ff0f815e800 DEOPT PACKING pc=0x00007ff15d38e79c sp=0x00007ff14531da60
Event: 86.722 Thread 0x00007ff0f815e800 DEOPT UNPACKING pc=0x00007ff15d0474c4 sp=0x00007ff14531d8a0 mode 1
Event: 86.722 Thread 0x00007ff0f815e800 DEOPT PACKING pc=0x00007ff15d38e53c sp=0x00007ff14531dbf0
Event: 86.722 Thread 0x00007ff0f815e800 DEOPT UNPACKING pc=0x00007ff15d0474c4 sp=0x00007ff14531da30 mode 1


Dynamic libraries:
6c7400000-6cb900000 rw-p 00000000 00:00 0 
6cb900000-76d180000 ---p 00000000 00:00 0 
76d180000-776280000 rw-p 00000000 00:00 0 
776280000-7c0000000 ---p 00000000 00:00 0 
7c0000000-7c03a0000 rw-p 00000000 00:00 0 
7c03a0000-800000000 ---p 00000000 00:00 0 
55b1f1fae000-55b1f1faf000 r--p 00000000 08:05 1314061                    /usr/lib/jvm/java-8-openjdk-amd64/jre/bin/java
55b1f1faf000-55b1f1fb0000 r-xp 00001000 08:05 1314061                    /usr/lib/jvm/java-8-openjdk-amd64/jre/bin/java
55b1f1fb0000-55b1f1fb1000 r--p 00002000 08:05 1314061                    /usr/lib/jvm/java-8-openjdk-amd64/jre/bin/java
55b1f1fb1000-55b1f1fb2000 r--p 00002000 08:05 1314061                    /usr/lib/jvm/java-8-openjdk-amd64/jre/bin/java
55b1f1fb2000-55b1f1fb3000 rw-p 00003000 08:05 1314061                    /usr/lib/jvm/java-8-openjdk-amd64/jre/bin/java
55b1f208a000-55b1f20ab000 rw-p 00000000 00:00 0                          [heap]
7ff0b4000000-7ff0b4021000 rw-p 00000000 00:00 0 
7ff0b4021000-7ff0b8000000 ---p 00000000 00:00 0 
7ff0bc000000-7ff0bc021000 rw-p 00000000 00:00 0 
7ff0bc021000-7ff0c0000000 ---p 00000000 00:00 0 
7ff0c2369000-7ff0c23a9000 rw-p 00000000 00:00 0 
7ff0c23a9000-7ff0c2569000 ---p 00000000 00:00 0 
7ff0c2569000-7ff0c376a000 rw-p 00000000 00:00 0 
7ff0c376a000-7ff0c398e000 r-xp 00000000 08:05 524347                     /tmp/libnetty_tcnative_linux_x86_649207522526923537868.so (deleted)
7ff0c398e000-7ff0c3b8d000 ---p 00224000 08:05 524347                     /tmp/libnetty_tcnative_linux_x86_649207522526923537868.so (deleted)
7ff0c3b8d000-7ff0c3ba1000 rw-p 00223000 08:05 524347                     /tmp/libnetty_tcnative_linux_x86_649207522526923537868.so (deleted)
7ff0c3ba1000-7ff0c3eff000 rw-p 00000000 00:00 0 
7ff0c3eff000-7ff0c3f02000 ---p 00000000 00:00 0 
7ff0c3f02000-7ff0c4000000 rw-p 00000000 00:00 0 
7ff0c4000000-7ff0c4021000 rw-p 00000000 00:00 0 
7ff0c4021000-7ff0c8000000 ---p 00000000 00:00 0 
7ff0c8000000-7ff0c8021000 rw-p 00000000 00:00 0 
7ff0c8021000-7ff0cc000000 ---p 00000000 00:00 0 
7ff0cc000000-7ff0cc021000 rw-p 00000000 00:00 0 
7ff0cc021000-7ff0d0000000 ---p 00000000 00:00 0 
7ff0d0000000-7ff0d0021000 rw-p 00000000 00:00 0 
7ff0d0021000-7ff0d4000000 ---p 00000000 00:00 0 
7ff0d4000000-7ff0d4021000 rw-p 00000000 00:00 0 
7ff0d4021000-7ff0d8000000 ---p 00000000 00:00 0 
7ff0d8000000-7ff0d8021000 rw-p 00000000 00:00 0 
7ff0d8021000-7ff0dc000000 ---p 00000000 00:00 0 
7ff0dc000000-7ff0dc021000 rw-p 00000000 00:00 0 
7ff0dc021000-7ff0e0000000 ---p 00000000 00:00 0 
7ff0e0000000-7ff0e0021000 rw-p 00000000 00:00 0 
7ff0e0021000-7ff0e4000000 ---p 00000000 00:00 0 
7ff0e4000000-7ff0e4021000 rw-p 00000000 00:00 0 
7ff0e4021000-7ff0e8000000 ---p 00000000 00:00 0 
7ff0e8000000-7ff0e82ab000 rw-p 00000000 00:00 0 
7ff0e82ab000-7ff0ec000000 ---p 00000000 00:00 0 
7ff0ec000000-7ff0ec021000 rw-p 00000000 00:00 0 
7ff0ec021000-7ff0f0000000 ---p 00000000 00:00 0 
7ff0f0000000-7ff0f0845000 rw-p 00000000 00:00 0 
7ff0f0845000-7ff0f4000000 ---p 00000000 00:00 0 
7ff0f4000000-7ff0f4021000 rw-p 00000000 00:00 0 
7ff0f4021000-7ff0f8000000 ---p 00000000 00:00 0 
7ff0f8000000-7ff0f8190000 rw-p 00000000 00:00 0 
7ff0f8190000-7ff0fc000000 ---p 00000000 00:00 0 
7ff0fc000000-7ff0fc021000 rw-p 00000000 00:00 0 
7ff0fc021000-7ff100000000 ---p 00000000 00:00 0 
7ff100000000-7ff100021000 rw-p 00000000 00:00 0 
7ff100021000-7ff104000000 ---p 00000000 00:00 0 
7ff104000000-7ff104f60000 rw-p 00000000 00:00 0 
7ff104f60000-7ff108000000 ---p 00000000 00:00 0 
7ff108000000-7ff108a5b000 rw-p 00000000 00:00 0 
7ff108a5b000-7ff10c000000 ---p 00000000 00:00 0 
7ff10c000000-7ff10cbbb000 rw-p 00000000 00:00 0 
7ff10cbbb000-7ff110000000 ---p 00000000 00:00 0 
7ff110000000-7ff11133d000 rw-p 00000000 00:00 0 
7ff11133d000-7ff114000000 ---p 00000000 00:00 0 
7ff114000000-7ff114021000 rw-p 00000000 00:00 0 
7ff114021000-7ff118000000 ---p 00000000 00:00 0 
7ff118000000-7ff118021000 rw-p 00000000 00:00 0 
7ff118021000-7ff11c000000 ---p 00000000 00:00 0 
7ff11c000000-7ff11c021000 rw-p 00000000 00:00 0 
7ff11c021000-7ff120000000 ---p 00000000 00:00 0 
7ff120000000-7ff120021000 rw-p 00000000 00:00 0 
7ff120021000-7ff124000000 ---p 00000000 00:00 0 
7ff124000000-7ff124021000 rw-p 00000000 00:00 0 
7ff124021000-7ff128000000 ---p 00000000 00:00 0 
7ff128000000-7ff128021000 rw-p 00000000 00:00 0 
7ff128021000-7ff12c000000 ---p 00000000 00:00 0 
7ff12c000000-7ff12c0f0000 rw-p 00000000 00:00 0 
7ff12c0f0000-7ff130000000 ---p 00000000 00:00 0 
7ff13009d000-7ff1300a0000 ---p 00000000 00:00 0 
7ff1300a0000-7ff13019e000 rw-p 00000000 00:00 0 
7ff13019e000-7ff1301a1000 ---p 00000000 00:00 0 
7ff1301a1000-7ff13029f000 rw-p 00000000 00:00 0 
7ff13029f000-7ff1302a2000 ---p 00000000 00:00 0 
7ff1302a2000-7ff138000000 rw-p 00000000 00:00 0 
7ff138000000-7ff138021000 rw-p 00000000 00:00 0 
7ff138021000-7ff13c000000 ---p 00000000 00:00 0 
7ff13c000000-7ff13c021000 rw-p 00000000 00:00 0 
7ff13c021000-7ff140000000 ---p 00000000 00:00 0 
7ff140000000-7ff140021000 rw-p 00000000 00:00 0 
7ff140021000-7ff144000000 ---p 00000000 00:00 0 
7ff144100000-7ff144103000 ---p 00000000 00:00 0 
7ff144103000-7ff144201000 rw-p 00000000 00:00 0 
7ff144201000-7ff144204000 ---p 00000000 00:00 0 
7ff144204000-7ff144302000 rw-p 00000000 00:00 0 
7ff144302000-7ff144305000 ---p 00000000 00:00 0 
7ff144305000-7ff144403000 rw-p 00000000 00:00 0 
7ff144464000-7ff144693000 rw-p 00000000 00:00 0 
7ff144693000-7ff144696000 ---p 00000000 00:00 0 
7ff144696000-7ff144994000 rw-p 00000000 00:00 0 
7ff144995000-7ff144997000 r--p 00000000 08:05 794091                     /usr/lib/x86_64-linux-gnu/libcrypt.so.1.1.0
7ff144997000-7ff1449ac000 r-xp 00002000 08:05 794091                     /usr/lib/x86_64-linux-gnu/libcrypt.so.1.1.0
7ff1449ac000-7ff1449c6000 r--p 00017000 08:05 794091                     /usr/lib/x86_64-linux-gnu/libcrypt.so.1.1.0
7ff1449c6000-7ff1449c7000 r--p 00030000 08:05 794091                     /usr/lib/x86_64-linux-gnu/libcrypt.so.1.1.0
7ff1449c7000-7ff1449c8000 rw-p 00031000 08:05 794091                     /usr/lib/x86_64-linux-gnu/libcrypt.so.1.1.0
7ff1449c8000-7ff1449d0000 rw-p 00000000 00:00 0 
7ff1449d0000-7ff1449d2000 r--p 00000000 08:05 794775                     /usr/lib/x86_64-linux-gnu/libnss_dns-2.31.so
7ff1449d2000-7ff1449d6000 r-xp 00002000 08:05 794775                     /usr/lib/x86_64-linux-gnu/libnss_dns-2.31.so
7ff1449d6000-7ff1449d7000 r--p 00006000 08:05 794775                     /usr/lib/x86_64-linux-gnu/libnss_dns-2.31.so
7ff1449d7000-7ff1449d8000 r--p 00006000 08:05 794775                     /usr/lib/x86_64-linux-gnu/libnss_dns-2.31.so
7ff1449d8000-7ff1449d9000 rw-p 00007000 08:05 794775                     /usr/lib/x86_64-linux-gnu/libnss_dns-2.31.so
7ff1449d9000-7ff1449dd000 r--p 00000000 08:05 794959                     /usr/lib/x86_64-linux-gnu/libresolv-2.31.so
7ff1449dd000-7ff1449ed000 r-xp 00004000 08:05 794959                     /usr/lib/x86_64-linux-gnu/libresolv-2.31.so
7ff1449ed000-7ff1449f0000 r--p 00014000 08:05 794959                     /usr/lib/x86_64-linux-gnu/libresolv-2.31.so
7ff1449f0000-7ff1449f1000 ---p 00017000 08:05 794959                     /usr/lib/x86_64-linux-gnu/libresolv-2.31.so
7ff1449f1000-7ff1449f2000 r--p 00017000 08:05 794959                     /usr/lib/x86_64-linux-gnu/libresolv-2.31.so
7ff1449f2000-7ff1449f3000 rw-p 00018000 08:05 794959                     /usr/lib/x86_64-linux-gnu/libresolv-2.31.so
7ff1449f3000-7ff1449f5000 rw-p 00000000 00:00 0 
7ff1449f5000-7ff1449f6000 r--p 00000000 08:05 794783                     /usr/lib/x86_64-linux-gnu/libnss_mdns4_minimal.so.2
7ff1449f6000-7ff1449f8000 r-xp 00001000 08:05 794783                     /usr/lib/x86_64-linux-gnu/libnss_mdns4_minimal.so.2
7ff1449f8000-7ff1449f9000 r--p 00003000 08:05 794783                     /usr/lib/x86_64-linux-gnu/libnss_mdns4_minimal.so.2
7ff1449f9000-7ff1449fa000 r--p 00003000 08:05 794783                     /usr/lib/x86_64-linux-gnu/libnss_mdns4_minimal.so.2
7ff1449fa000-7ff1449fb000 rw-p 00004000 08:05 794783                     /usr/lib/x86_64-linux-gnu/libnss_mdns4_minimal.so.2
7ff144a01000-7ff144a05000 r--p 00000000 08:05 1449376                    /usr/lib/jvm/java-8-openjdk-amd64/jre/lib/amd64/libmanagement.so
7ff144a05000-7ff144a09000 r-xp 00004000 08:05 1449376                    /usr/lib/jvm/java-8-openjdk-amd64/jre/lib/amd64/libmanagement.so
7ff144a09000-7ff144a0b000 r--p 00008000 08:05 1449376                    /usr/lib/jvm/java-8-openjdk-amd64/jre/lib/amd64/libmanagement.so
7ff144a0b000-7ff144a0c000 r--p 00009000 08:05 1449376                    /usr/lib/jvm/java-8-openjdk-amd64/jre/lib/amd64/libmanagement.so
7ff144a0c000-7ff144a0d000 rw-p 0000a000 08:05 1449376                    /usr/lib/jvm/java-8-openjdk-amd64/jre/lib/amd64/libmanagement.so
7ff144a0d000-7ff144a10000 ---p 00000000 00:00 0 
7ff144a10000-7ff144b0e000 rw-p 00000000 00:00 0 
7ff144b0e000-7ff144b1d000 r-xp 00000000 08:05 524298                     /tmp/libnetty_transport_native_epoll_x86_641700216336881603969.so (deleted)
7ff144b1d000-7ff144d1c000 ---p 0000f000 08:05 524298                     /tmp/libnetty_transport_native_epoll_x86_641700216336881603969.so (deleted)
7ff144d1c000-7ff144d1e000 rw-p 0000e000 08:05 524298                     /tmp/libnetty_transport_native_epoll_x86_641700216336881603969.so (deleted)
7ff144d1e000-7ff144f1e000 rw-p 00000000 00:00 0 
7ff144f1e000-7ff144f21000 ---p 00000000 00:00 0 
7ff144f21000-7ff14501f000 rw-p 00000000 00:00 0 
7ff14501f000-7ff145022000 ---p 00000000 00:00 0 
7ff145022000-7ff145120000 rw-p 00000000 00:00 0 
7ff145120000-7ff145123000 ---p 00000000 00:00 0 
7ff145123000-7ff145221000 rw-p 00000000 00:00 0 
7ff145221000-7ff145224000 ---p 00000000 00:00 0 
7ff145224000-7ff145322000 rw-p 00000000 00:00 0 
7ff145322000-7ff145325000 ---p 00000000 00:00 0 
7ff145325000-7ff145623000 rw-p 00000000 00:00 0 
7ff145623000-7ff145626000 ---p 00000000 00:00 0 
7ff145626000-7ff145724000 rw-p 00000000 00:00 0 
7ff145724000-7ff145727000 ---p 00000000 00:00 0 
7ff145727000-7ff145a25000 rw-p 00000000 00:00 0 
7ff145a25000-7ff145c25000 rw-p 00000000 00:00 0 
7ff145c25000-7ff145e25000 rw-p 00000000 00:00 0 
7ff145e25000-7ff146025000 rw-p 00000000 00:00 0 
7ff146025000-7ff146026000 ---p 00000000 00:00 0 
7ff146026000-7ff146126000 rw-p 00000000 00:00 0 
7ff146126000-7ff146129000 ---p 00000000 00:00 0 
7ff146129000-7ff146227000 rw-p 00000000 00:00 0 
7ff146227000-7ff146228000 ---p 00000000 00:00 0 
7ff146228000-7ff14622b000 ---p 00000000 00:00 0 
7ff14622b000-7ff146328000 rw-p 00000000 00:00 0 
7ff146328000-7ff146329000 ---p 00000000 00:00 0 
7ff146329000-7ff14632c000 ---p 00000000 00:00 0 
7ff14632c000-7ff146429000 rw-p 00000000 00:00 0 
7ff146429000-7ff14642a000 ---p 00000000 00:00 0 
7ff14642a000-7ff14642d000 ---p 00000000 00:00 0 
7ff14642d000-7ff14652a000 rw-p 00000000 00:00 0 
7ff14652a000-7ff14652b000 ---p 00000000 00:00 0 
7ff14652b000-7ff14652e000 ---p 00000000 00:00 0 
7ff14652e000-7ff14662b000 rw-p 00000000 00:00 0 
7ff14662b000-7ff146631000 r--s 000d3000 08:05 1449394                    /usr/lib/jvm/java-8-openjdk-amd64/jre/lib/jfr.jar
7ff146631000-7ff146644000 r--s 0034b000 08:05 1449399                    /usr/lib/jvm/java-8-openjdk-amd64/jre/lib/resources.jar
7ff146644000-7ff14664b000 r--p 00000000 08:05 1449383                    /usr/lib/jvm/java-8-openjdk-amd64/jre/lib/amd64/libsunec.so
7ff14664b000-7ff146664000 r-xp 00007000 08:05 1449383                    /usr/lib/jvm/java-8-openjdk-amd64/jre/lib/amd64/libsunec.so
7ff146664000-7ff14666e000 r--p 00020000 08:05 1449383                    /usr/lib/jvm/java-8-openjdk-amd64/jre/lib/amd64/libsunec.so
7ff14666e000-7ff146672000 r--p 00029000 08:05 1449383                    /usr/lib/jvm/java-8-openjdk-amd64/jre/lib/amd64/libsunec.so
7ff146672000-7ff146673000 rw-p 0002d000 08:05 1449383                    /usr/lib/jvm/java-8-openjdk-amd64/jre/lib/amd64/libsunec.so
7ff146673000-7ff146678000 r--p 00000000 08:05 1449378                    /usr/lib/jvm/java-8-openjdk-amd64/jre/lib/amd64/libnet.so
7ff146678000-7ff146689000 r-xp 00005000 08:05 1449378                    /usr/lib/jvm/java-8-openjdk-amd64/jre/lib/amd64/libnet.so
7ff146689000-7ff14668d000 r--p 00016000 08:05 1449378                    /usr/lib/jvm/java-8-openjdk-amd64/jre/lib/amd64/libnet.so
7ff14668d000-7ff14668e000 r--p 00019000 08:05 1449378                    /usr/lib/jvm/java-8-openjdk-amd64/jre/lib/amd64/libnet.so
7ff14668e000-7ff14668f000 rw-p 0001a000 08:05 1449378                    /usr/lib/jvm/java-8-openjdk-amd64/jre/lib/amd64/libnet.so
7ff14668f000-7ff146696000 r--p 00000000 08:05 1449379                    /usr/lib/jvm/java-8-openjdk-amd64/jre/lib/amd64/libnio.so
7ff146696000-7ff14669f000 r-xp 00007000 08:05 1449379                    /usr/lib/jvm/java-8-openjdk-amd64/jre/lib/amd64/libnio.so
7ff14669f000-7ff1466a2000 r--p 00010000 08:05 1449379                    /usr/lib/jvm/java-8-openjdk-amd64/jre/lib/amd64/libnio.so
7ff1466a2000-7ff1466a3000 r--p 00012000 08:05 1449379                    /usr/lib/jvm/java-8-openjdk-amd64/jre/lib/amd64/libnio.so
7ff1466a3000-7ff1466a4000 rw-p 00013000 08:05 1449379                    /usr/lib/jvm/java-8-openjdk-amd64/jre/lib/amd64/libnio.so
7ff1466a4000-7ff1466a6000 r--s 00016000 08:05 1449392                    /usr/lib/jvm/java-8-openjdk-amd64/jre/lib/jce.jar
7ff1466a6000-7ff1466b7000 r--s 001bf000 08:05 1449395                    /usr/lib/jvm/java-8-openjdk-amd64/jre/lib/jsse.jar
7ff1466b7000-7ff1466ba000 r--s 0001e000 08:05 12587427                   /home/user/Downloads/eclipse-jee-2018-09-linux-gtk-x86_64/eclipse/configuration/org.eclipse.osgi/414/0/.cp/lib/javaagent-shaded.jar
7ff1466ba000-7ff1466c3000 r--s 0006f000 08:05 3411306                    /home/user/.m2/repository/log4j/log4j/1.2.17/log4j-1.2.17.jar
7ff1466c3000-7ff1466c5000 r--s 00001000 08:05 1446127                    /home/user/.m2/repository/org/slf4j/slf4j-log4j12/1.7.5/slf4j-log4j12-1.7.5.jar
7ff1466c5000-7ff1466c7000 r--s 00005000 08:05 2761940                    /home/user/.m2/repository/org/slf4j/slf4j-api/1.7.5/slf4j-api-1.7.5.jar
7ff1466c7000-7ff1466ca000 r--s 0000d000 08:05 3279403                    /home/user/.m2/repository/com/azure/azure-storage-internal-avro/12.0.2/azure-storage-internal-avro-12.0.2.jar
7ff1466ca000-7ff1466d3000 r--s 00082000 08:05 3279401                    /home/user/.m2/repository/io/projectreactor/netty/reactor-netty/0.9.15.RELEASE/reactor-netty-0.9.15.RELEASE.jar
7ff1466d3000-7ff1466d6000 r--s 00019000 08:05 3279399                    /home/user/.m2/repository/io/netty/netty-transport-native-kqueue/4.1.54.Final/netty-transport-native-kqueue-4.1.54.Final-osx-x86_64.jar
7ff1466d6000-7ff1466d9000 r--s 00023000 08:05 3279397                    /home/user/.m2/repository/io/netty/netty-transport-native-epoll/4.1.54.Final/netty-transport-native-epoll-4.1.54.Final-linux-x86_64.jar
7ff1466d9000-7ff1466db000 r--s 00007000 08:05 3279395                    /home/user/.m2/repository/io/netty/netty-transport-native-unix-common/4.1.54.Final/netty-transport-native-unix-common-4.1.54.Final.jar
7ff1466db000-7ff1466e7000 r--s 0008d000 08:05 3279391                    /home/user/.m2/repository/io/netty/netty-codec-http/4.1.54.Final/netty-codec-http-4.1.54.Final.jar
7ff1466e7000-7ff1466ea000 ---p 00000000 00:00 0 
7ff1466ea000-7ff1467e8000 rw-p 00000000 00:00 0 
7ff1467e8000-7ff1467eb000 ---p 00000000 00:00 0 
7ff1467eb000-7ff1468e9000 rw-p 00000000 00:00 0 
7ff1468e9000-7ff1468ec000 ---p 00000000 00:00 0 
7ff1468ec000-7ff1469ea000 rw-p 00000000 00:00 0 
7ff1469ea000-7ff1469ed000 ---p 00000000 00:00 0 
7ff1469ed000-7ff146aeb000 rw-p 00000000 00:00 0 
7ff146aeb000-7ff146aee000 ---p 00000000 00:00 0 
7ff146aee000-7ff146bec000 rw-p 00000000 00:00 0 
7ff146bec000-7ff146bef000 ---p 00000000 00:00 0 
7ff146bef000-7ff146ced000 rw-p 00000000 00:00 0 
7ff146ced000-7ff146cee000 ---p 00000000 00:00 0 
7ff146cee000-7ff148000000 rw-p 00000000 00:00 0 
7ff148000000-7ff148021000 rw-p 00000000 00:00 0 
7ff148021000-7ff14c000000 ---p 00000000 00:00 0 
7ff14c000000-7ff14c021000 rw-p 00000000 00:00 0 
7ff14c021000-7ff150000000 ---p 00000000 00:00 0 
7ff150000000-7ff150021000 rw-p 00000000 00:00 0 
7ff150021000-7ff154000000 ---p 00000000 00:00 0 
7ff154000000-7ff154021000 rw-p 00000000 00:00 0 
7ff154021000-7ff158000000 ---p 00000000 00:00 0 
7ff158000000-7ff158021000 rw-p 00000000 00:00 0 
7ff158021000-7ff15c000000 ---p 00000000 00:00 0 
7ff15c001000-7ff15c009000 r--s 00068000 08:05 3279393                    /home/user/.m2/repository/io/netty/netty-codec-http2/4.1.54.Final/netty-codec-http2-4.1.54.Final.jar
7ff15c009000-7ff15c00e000 r--s 00044000 08:05 3279389                    /home/user/.m2/repository/io/netty/netty-buffer/4.1.54.Final/netty-buffer-4.1.54.Final.jar
7ff15c00e000-7ff15c013000 r--s 00019000 08:05 3279387                    /home/user/.m2/repository/io/netty/netty-codec-socks/4.1.54.Final/netty-codec-socks-4.1.54.Final.jar
7ff15c013000-7ff15c014000 r--s 00005000 08:05 3279385                    /home/user/.m2/repository/io/netty/netty-handler-proxy/4.1.54.Final/netty-handler-proxy-4.1.54.Final.jar
7ff15c014000-7ff15c01b000 r--s 00048000 08:05 3279383                    /home/user/.m2/repository/io/netty/netty-codec/4.1.54.Final/netty-codec-4.1.54.Final.jar
7ff15c01b000-7ff15c025000 r--s 0006b000 08:05 3279381                    /home/user/.m2/repository/io/netty/netty-transport/4.1.54.Final/netty-transport-4.1.54.Final.jar
7ff15c025000-7ff15c027000 r--s 00007000 08:05 3279379                    /home/user/.m2/repository/io/netty/netty-resolver/4.1.54.Final/netty-resolver-4.1.54.Final.jar
7ff15c027000-7ff15c034000 r--s 00091000 08:05 3279377                    /home/user/.m2/repository/io/netty/netty-common/4.1.54.Final/netty-common-4.1.54.Final.jar
7ff15c034000-7ff15c03d000 r--s 0006c000 08:05 3279375                    /home/user/.m2/repository/io/netty/netty-handler/4.1.54.Final/netty-handler-4.1.54.Final.jar
7ff15c03d000-7ff15c03f000 r--s 00009000 08:05 3279373                    /home/user/.m2/repository/com/azure/azure-core-http-netty/1.7.1/azure-core-http-netty-1.7.1.jar
7ff15c03f000-7ff15c041000 r--s 0001a000 08:05 3279371                    /home/user/.m2/repository/com/azure/azure-storage-common/12.10.1/azure-storage-common-12.10.1.jar
7ff15c041000-7ff15c04d000 r--s 0008e000 08:05 3279369                    /home/user/.m2/repository/com/azure/azure-storage-blob/12.10.2/azure-storage-blob-12.10.2.jar
7ff15c04d000-7ff15c04f000 r--s 00003000 08:05 3279367                    /home/user/.m2/repository/com/azure/azure-messaging-eventhubs-checkpointstore-blob/1.6.0/azure-messaging-eventhubs-checkpointstore-blob-1.6.0.jar
7ff15c04f000-7ff15c05e000 r--s 000a6000 08:05 789713                     /home/user/.m2/repository/org/apache/qpid/proton-j/0.33.4/proton-j-0.33.4.jar
7ff15c05e000-7ff15c061000 r--s 0000e000 08:05 1179654                    /home/user/.m2/repository/com/microsoft/azure/qpid-proton-j-extensions/1.2.3/qpid-proton-j-extensions-1.2.3.jar
7ff15c061000-7ff15c065000 r--s 00032000 08:05 3279233                    /home/user/.m2/repository/com/azure/azure-core-amqp/2.0.4/azure-core-amqp-2.0.4.jar
7ff15c065000-7ff15c067000 r--s 003d3000 08:05 2892913                    /home/user/.m2/repository/io/netty/netty-tcnative-boringssl-static/2.0.36.Final/netty-tcnative-boringssl-static-2.0.36.Final.jar
7ff15c067000-7ff15c068000 r--s 00002000 08:05 2888546                    /home/user/.m2/repository/org/reactivestreams/reactive-streams/1.0.3/reactive-streams-1.0.3.jar
7ff15c068000-7ff15c07e000 r--s 0017d000 08:05 2892911                    /home/user/.m2/repository/io/projectreactor/reactor-core/3.4.3/reactor-core-3.4.3.jar
7ff15c07e000-7ff15c09d000 r--s 00164000 08:05 2892909                    /home/user/.m2/repository/com/fasterxml/woodstox/woodstox-core/6.2.4/woodstox-core-6.2.4.jar
7ff15c09d000-7ff15c0a1000 r--s 0002c000 08:05 2892907                    /home/user/.m2/repository/org/codehaus/woodstox/stax2-api/4.2.1/stax2-api-4.2.1.jar
7ff15c0a1000-7ff15c0a3000 r--s 00009000 08:05 2761878                    /home/user/.m2/repository/jakarta/activation/jakarta.activation-api/1.2.1/jakarta.activation-api-1.2.1.jar
7ff15c0a3000-7ff15c0a7000 r--s 00019000 08:05 2636773                    /home/user/.m2/repository/jakarta/xml/bind/jakarta.xml.bind-api/2.3.2/jakarta.xml.bind-api-2.3.2.jar
7ff15c0a7000-7ff15c0a8000 r--s 00008000 08:05 2892906                    /home/user/.m2/repository/com/fasterxml/jackson/module/jackson-module-jaxb-annotations/2.12.2/jackson-module-jaxb-annotations-2.12.2.jar
7ff15c0a8000-7ff15c0ab000 r--s 0001b000 08:05 2892903                    /home/user/.m2/repository/com/fasterxml/jackson/dataformat/jackson-dataformat-xml/2.12.2/jackson-dataformat-xml-2.12.2.jar
7ff15c0ab000-7ff15c0ae000 r--s 0001b000 08:05 2892901                    /home/user/.m2/repository/com/fasterxml/jackson/datatype/jackson-datatype-jsr310/2.12.2/jackson-datatype-jsr310-2.12.2.jar
7ff15c0ae000-7ff15c0c4000 r--s 0015c000 08:05 3279229                    /home/user/.m2/repository/com/fasterxml/jackson/core/jackson-databind/2.12.2/jackson-databind-2.12.2.jar
7ff15c0c4000-7ff15c0c9000 r--s 00055000 08:05 3279227                    /home/user/.m2/repository/com/fasterxml/jackson/core/jackson-core/2.12.2/jackson-core-2.12.2.jar
7ff15c0c9000-7ff15c0cc000 r--s 00010000 08:05 2501873                    /home/user/.m2/repository/com/fasterxml/jackson/core/jackson-annotations/2.12.2/jackson-annotations-2.12.2.jar
7ff15c0cc000-7ff15c0d3000 r--s 00053000 08:05 2501871                    /home/user/.m2/repository/com/azure/azure-core/1.15.0/azure-core-1.15.0.jar
7ff15c0d3000-7ff15c0d6000 r--s 00022000 08:05 3279225                    /home/user/.m2/repository/com/azure/azure-messaging-eventhubs/5.7.0/azure-messaging-eventhubs-5.7.0.jar
7ff15c0d6000-7ff15c0d8000 r--s 00008000 08:05 1580848                    /usr/lib/jvm/java-8-openjdk-amd64/jre/lib/ext/sunec.jar
7ff15c0d8000-7ff15c0f3000 r--s 00394000 08:05 1580842                    /usr/lib/jvm/java-8-openjdk-amd64/jre/lib/ext/cldrdata.jar
7ff15c0f3000-7ff15c0f9000 r--s 0003d000 08:05 1580849                    /usr/lib/jvm/java-8-openjdk-amd64/jre/lib/ext/sunjce_provider.jar
7ff15c0f9000-7ff15d000000 rw-p 00000000 00:00 0 
7ff15d000000-7ff15d620000 rwxp 00000000 00:00 0 
7ff15d620000-7ff16c000000 ---p 00000000 00:00 0 
7ff16c000000-7ff16cb70000 rw-p 00000000 00:00 0 
7ff16cb70000-7ff170000000 ---p 00000000 00:00 0 
7ff170000000-7ff170002000 r--s 00010000 08:05 1580851                    /usr/lib/jvm/java-8-openjdk-amd64/jre/lib/ext/zipfs.jar
7ff170002000-7ff170005000 r--s 0000f000 08:05 1580844                    /usr/lib/jvm/java-8-openjdk-amd64/jre/lib/ext/icedtea-sound.jar
7ff170005000-7ff170020000 r--s 001d6000 08:05 1580847                    /usr/lib/jvm/java-8-openjdk-amd64/jre/lib/ext/nashorn.jar
7ff170020000-7ff17002b000 r--s 00116000 08:05 1580846                    /usr/lib/jvm/java-8-openjdk-amd64/jre/lib/ext/localedata.jar
7ff17002b000-7ff17002d000 r--p 00000000 08:05 1448746                    /usr/lib/jvm/java-8-openjdk-amd64/jre/lib/amd64/libdt_socket.so
7ff17002d000-7ff17002f000 r-xp 00002000 08:05 1448746                    /usr/lib/jvm/java-8-openjdk-amd64/jre/lib/amd64/libdt_socket.so
7ff17002f000-7ff170030000 r--p 00004000 08:05 1448746                    /usr/lib/jvm/java-8-openjdk-amd64/jre/lib/amd64/libdt_socket.so
7ff170030000-7ff170031000 r--p 00004000 08:05 1448746                    /usr/lib/jvm/java-8-openjdk-amd64/jre/lib/amd64/libdt_socket.so
7ff170031000-7ff170032000 rw-p 00005000 08:05 1448746                    /usr/lib/jvm/java-8-openjdk-amd64/jre/lib/amd64/libdt_socket.so
7ff170032000-7ff170282000 rw-p 00000000 00:00 0 
7ff170282000-7ff170453000 r--s 03ca5000 08:05 1449400                    /usr/lib/jvm/java-8-openjdk-amd64/jre/lib/rt.jar
7ff170453000-7ff170d38000 rw-p 00000000 00:00 0 
7ff170d38000-7ff170d39000 ---p 00000000 00:00 0 
7ff170d39000-7ff170e39000 rw-p 00000000 00:00 0 
7ff170e39000-7ff170e3a000 ---p 00000000 00:00 0 
7ff170e3a000-7ff170f3a000 rw-p 00000000 00:00 0 
7ff170f3a000-7ff170f3b000 ---p 00000000 00:00 0 
7ff170f3b000-7ff17103b000 rw-p 00000000 00:00 0 
7ff17103b000-7ff17103c000 ---p 00000000 00:00 0 
7ff17103c000-7ff17113c000 rw-p 00000000 00:00 0 
7ff17113c000-7ff17113d000 ---p 00000000 00:00 0 
7ff17113d000-7ff17123d000 rw-p 00000000 00:00 0 
7ff17123d000-7ff17123e000 ---p 00000000 00:00 0 
7ff17123e000-7ff17133e000 rw-p 00000000 00:00 0 
7ff17133e000-7ff17133f000 ---p 00000000 00:00 0 
7ff17133f000-7ff17143f000 rw-p 00000000 00:00 0 
7ff17143f000-7ff171440000 ---p 00000000 00:00 0 
7ff171440000-7ff171563000 rw-p 00000000 00:00 0 
7ff171563000-7ff171a6f000 ---p 00000000 00:00 0 
7ff171a6f000-7ff171a92000 rw-p 00000000 00:00 0 
7ff171a92000-7ff171f9d000 ---p 00000000 00:00 0 
7ff171f9d000-7ff171fe7000 rw-p 00000000 00:00 0 
7ff171fe7000-7ff172235000 ---p 00000000 00:00 0 
7ff172235000-7ff17224f000 rw-p 00000000 00:00 0 
7ff17224f000-7ff1725f6000 ---p 00000000 00:00 0 
7ff1725f6000-7ff1725f9000 r--p 00000000 08:05 794777                     /usr/lib/x86_64-linux-gnu/libnss_files-2.31.so
7ff1725f9000-7ff172600000 r-xp 00003000 08:05 794777                     /usr/lib/x86_64-linux-gnu/libnss_files-2.31.so
7ff172600000-7ff172602000 r--p 0000a000 08:05 794777                     /usr/lib/x86_64-linux-gnu/libnss_files-2.31.so
7ff172602000-7ff172603000 r--p 0000b000 08:05 794777                     /usr/lib/x86_64-linux-gnu/libnss_files-2.31.so
7ff172603000-7ff172604000 rw-p 0000c000 08:05 794777                     /usr/lib/x86_64-linux-gnu/libnss_files-2.31.so
7ff172604000-7ff17260a000 rw-p 00000000 00:00 0 
7ff17260a000-7ff17260c000 r--s 00001000 08:05 1580843                    /usr/lib/jvm/java-8-openjdk-amd64/jre/lib/ext/dnsns.jar
7ff17260c000-7ff172610000 r--s 00040000 08:05 1580850                    /usr/lib/jvm/java-8-openjdk-amd64/jre/lib/ext/sunpkcs11.jar
7ff172610000-7ff172613000 r--p 00000000 08:05 1449386                    /usr/lib/jvm/java-8-openjdk-amd64/jre/lib/amd64/libzip.so
7ff172613000-7ff172618000 r-xp 00003000 08:05 1449386                    /usr/lib/jvm/java-8-openjdk-amd64/jre/lib/amd64/libzip.so
7ff172618000-7ff17261a000 r--p 00008000 08:05 1449386                    /usr/lib/jvm/java-8-openjdk-amd64/jre/lib/amd64/libzip.so
7ff17261a000-7ff17261b000 r--p 00009000 08:05 1449386                    /usr/lib/jvm/java-8-openjdk-amd64/jre/lib/amd64/libzip.so
7ff17261b000-7ff17261c000 rw-p 0000a000 08:05 1449386                    /usr/lib/jvm/java-8-openjdk-amd64/jre/lib/amd64/libzip.so
7ff17261c000-7ff17261e000 r--p 00000000 08:05 1449362                    /usr/lib/jvm/java-8-openjdk-amd64/jre/lib/amd64/libinstrument.so
7ff17261e000-7ff172625000 r-xp 00002000 08:05 1449362                    /usr/lib/jvm/java-8-openjdk-amd64/jre/lib/amd64/libinstrument.so
7ff172625000-7ff172628000 r--p 00009000 08:05 1449362                    /usr/lib/jvm/java-8-openjdk-amd64/jre/lib/amd64/libinstrument.so
7ff172628000-7ff172629000 r--p 0000b000 08:05 1449362                    /usr/lib/jvm/java-8-openjdk-amd64/jre/lib/amd64/libinstrument.so
7ff172629000-7ff17262a000 rw-p 0000c000 08:05 1449362                    /usr/lib/jvm/java-8-openjdk-amd64/jre/lib/amd64/libinstrument.so
7ff17262a000-7ff173408000 r--p 00000000 08:05 793081                     /usr/lib/locale/locale-archive
7ff173408000-7ff17340a000 r--p 00000000 08:05 1449372                    /usr/lib/jvm/java-8-openjdk-amd64/jre/lib/amd64/libjdwp.so
7ff17340a000-7ff173436000 r-xp 00002000 08:05 1449372                    /usr/lib/jvm/java-8-openjdk-amd64/jre/lib/amd64/libjdwp.so
7ff173436000-7ff173443000 r--p 0002e000 08:05 1449372                    /usr/lib/jvm/java-8-openjdk-amd64/jre/lib/amd64/libjdwp.so
7ff173443000-7ff173444000 r--p 0003a000 08:05 1449372                    /usr/lib/jvm/java-8-openjdk-amd64/jre/lib/amd64/libjdwp.so
7ff173444000-7ff173445000 rw-p 0003b000 08:05 1449372                    /usr/lib/jvm/java-8-openjdk-amd64/jre/lib/amd64/libjdwp.so
7ff173445000-7ff173452000 r--p 00000000 08:05 1449367                    /usr/lib/jvm/java-8-openjdk-amd64/jre/lib/amd64/libjava.so
7ff173452000-7ff17346a000 r-xp 0000d000 08:05 1449367                    /usr/lib/jvm/java-8-openjdk-amd64/jre/lib/amd64/libjava.so
7ff17346a000-7ff173471000 r--p 00025000 08:05 1449367                    /usr/lib/jvm/java-8-openjdk-amd64/jre/lib/amd64/libjava.so
7ff173471000-7ff173472000 r--p 0002b000 08:05 1449367                    /usr/lib/jvm/java-8-openjdk-amd64/jre/lib/amd64/libjava.so
7ff173472000-7ff173474000 rw-p 0002c000 08:05 1449367                    /usr/lib/jvm/java-8-openjdk-amd64/jre/lib/amd64/libjava.so
7ff173474000-7ff173479000 r--p 00000000 08:05 1449385                    /usr/lib/jvm/java-8-openjdk-amd64/jre/lib/amd64/libverify.so
7ff173479000-7ff173482000 r-xp 00005000 08:05 1449385                    /usr/lib/jvm/java-8-openjdk-amd64/jre/lib/amd64/libverify.so
7ff173482000-7ff173484000 r--p 0000e000 08:05 1449385                    /usr/lib/jvm/java-8-openjdk-amd64/jre/lib/amd64/libverify.so
7ff173484000-7ff173486000 r--p 0000f000 08:05 1449385                    /usr/lib/jvm/java-8-openjdk-amd64/jre/lib/amd64/libverify.so
7ff173486000-7ff173487000 rw-p 00011000 08:05 1449385                    /usr/lib/jvm/java-8-openjdk-amd64/jre/lib/amd64/libverify.so
7ff173487000-7ff17348a000 r--p 00000000 08:05 794979                     /usr/lib/x86_64-linux-gnu/librt-2.31.so
7ff17348a000-7ff17348e000 r-xp 00003000 08:05 794979                     /usr/lib/x86_64-linux-gnu/librt-2.31.so
7ff17348e000-7ff17348f000 r--p 00007000 08:05 794979                     /usr/lib/x86_64-linux-gnu/librt-2.31.so
7ff17348f000-7ff173490000 ---p 00008000 08:05 794979                     /usr/lib/x86_64-linux-gnu/librt-2.31.so
7ff173490000-7ff173491000 r--p 00008000 08:05 794979                     /usr/lib/x86_64-linux-gnu/librt-2.31.so
7ff173491000-7ff173492000 rw-p 00009000 08:05 794979                     /usr/lib/x86_64-linux-gnu/librt-2.31.so
7ff173492000-7ff173493000 ---p 00000000 00:00 0 
7ff173493000-7ff173496000 ---p 00000000 00:00 0 
7ff173496000-7ff173593000 rw-p 00000000 00:00 0 
7ff173593000-7ff173596000 r--p 00000000 08:05 786555                     /usr/lib/x86_64-linux-gnu/libgcc_s.so.1
7ff173596000-7ff1735a8000 r-xp 00003000 08:05 786555                     /usr/lib/x86_64-linux-gnu/libgcc_s.so.1
7ff1735a8000-7ff1735ac000 r--p 00015000 08:05 786555                     /usr/lib/x86_64-linux-gnu/libgcc_s.so.1
7ff1735ac000-7ff1735ad000 r--p 00018000 08:05 786555                     /usr/lib/x86_64-linux-gnu/libgcc_s.so.1
7ff1735ad000-7ff1735ae000 rw-p 00019000 08:05 786555                     /usr/lib/x86_64-linux-gnu/libgcc_s.so.1
7ff1735ae000-7ff1735bd000 r--p 00000000 08:05 794653                     /usr/lib/x86_64-linux-gnu/libm-2.31.so
7ff1735bd000-7ff173664000 r-xp 0000f000 08:05 794653                     /usr/lib/x86_64-linux-gnu/libm-2.31.so
7ff173664000-7ff1736fb000 r--p 000b6000 08:05 794653                     /usr/lib/x86_64-linux-gnu/libm-2.31.so
7ff1736fb000-7ff1736fc000 r--p 0014c000 08:05 794653                     /usr/lib/x86_64-linux-gnu/libm-2.31.so
7ff1736fc000-7ff1736fd000 rw-p 0014d000 08:05 794653                     /usr/lib/x86_64-linux-gnu/libm-2.31.so
7ff1736fd000-7ff173793000 r--p 00000000 08:05 786556                     /usr/lib/x86_64-linux-gnu/libstdc++.so.6.0.28
7ff173793000-7ff173884000 r-xp 00096000 08:05 786556                     /usr/lib/x86_64-linux-gnu/libstdc++.so.6.0.28
7ff173884000-7ff1738cd000 r--p 00187000 08:05 786556                     /usr/lib/x86_64-linux-gnu/libstdc++.so.6.0.28
7ff1738cd000-7ff1738ce000 ---p 001d0000 08:05 786556                     /usr/lib/x86_64-linux-gnu/libstdc++.so.6.0.28
7ff1738ce000-7ff1738d9000 r--p 001d0000 08:05 786556                     /usr/lib/x86_64-linux-gnu/libstdc++.so.6.0.28
7ff1738d9000-7ff1738dc000 rw-p 001db000 08:05 786556                     /usr/lib/x86_64-linux-gnu/libstdc++.so.6.0.28
7ff1738dc000-7ff1738df000 rw-p 00000000 00:00 0 
7ff1738df000-7ff173ad4000 r--p 00000000 08:05 1580829                    /usr/lib/jvm/java-8-openjdk-amd64/jre/lib/amd64/server/libjvm.so
7ff173ad4000-7ff17443c000 r-xp 001f5000 08:05 1580829                    /usr/lib/jvm/java-8-openjdk-amd64/jre/lib/amd64/server/libjvm.so
7ff17443c000-7ff1745ed000 r--p 00b5d000 08:05 1580829                    /usr/lib/jvm/java-8-openjdk-amd64/jre/lib/amd64/server/libjvm.so
7ff1745ed000-7ff1745ee000 ---p 00d0e000 08:05 1580829                    /usr/lib/jvm/java-8-openjdk-amd64/jre/lib/amd64/server/libjvm.so
7ff1745ee000-7ff174684000 r--p 00d0e000 08:05 1580829                    /usr/lib/jvm/java-8-openjdk-amd64/jre/lib/amd64/server/libjvm.so
7ff174684000-7ff1746ad000 rw-p 00da4000 08:05 1580829                    /usr/lib/jvm/java-8-openjdk-amd64/jre/lib/amd64/server/libjvm.so
7ff1746ad000-7ff1746e2000 rw-p 00000000 00:00 0 
7ff1746e2000-7ff1746e9000 r--p 00000000 08:05 794918                     /usr/lib/x86_64-linux-gnu/libpthread-2.31.so
7ff1746e9000-7ff1746fa000 r-xp 00007000 08:05 794918                     /usr/lib/x86_64-linux-gnu/libpthread-2.31.so
7ff1746fa000-7ff1746ff000 r--p 00018000 08:05 794918                     /usr/lib/x86_64-linux-gnu/libpthread-2.31.so
7ff1746ff000-7ff174700000 r--p 0001c000 08:05 794918                     /usr/lib/x86_64-linux-gnu/libpthread-2.31.so
7ff174700000-7ff174701000 rw-p 0001d000 08:05 794918                     /usr/lib/x86_64-linux-gnu/libpthread-2.31.so
7ff174701000-7ff174705000 rw-p 00000000 00:00 0 
7ff174705000-7ff174706000 r--p 00000000 08:05 794146                     /usr/lib/x86_64-linux-gnu/libdl-2.31.so
7ff174706000-7ff174708000 r-xp 00001000 08:05 794146                     /usr/lib/x86_64-linux-gnu/libdl-2.31.so
7ff174708000-7ff174709000 r--p 00003000 08:05 794146                     /usr/lib/x86_64-linux-gnu/libdl-2.31.so
7ff174709000-7ff17470a000 r--p 00003000 08:05 794146                     /usr/lib/x86_64-linux-gnu/libdl-2.31.so
7ff17470a000-7ff17470b000 rw-p 00004000 08:05 794146                     /usr/lib/x86_64-linux-gnu/libdl-2.31.so
7ff17470b000-7ff17470d000 r--p 00000000 08:05 795343                     /usr/lib/x86_64-linux-gnu/libz.so.1.2.11
7ff17470d000-7ff17471e000 r-xp 00002000 08:05 795343                     /usr/lib/x86_64-linux-gnu/libz.so.1.2.11
7ff17471e000-7ff174724000 r--p 00013000 08:05 795343                     /usr/lib/x86_64-linux-gnu/libz.so.1.2.11
7ff174724000-7ff174725000 ---p 00019000 08:05 795343                     /usr/lib/x86_64-linux-gnu/libz.so.1.2.11
7ff174725000-7ff174726000 r--p 00019000 08:05 795343                     /usr/lib/x86_64-linux-gnu/libz.so.1.2.11
7ff174726000-7ff174727000 rw-p 0001a000 08:05 795343                     /usr/lib/x86_64-linux-gnu/libz.so.1.2.11
7ff174727000-7ff17474c000 r--p 00000000 08:05 794011                     /usr/lib/x86_64-linux-gnu/libc-2.31.so
7ff17474c000-7ff1748c4000 r-xp 00025000 08:05 794011                     /usr/lib/x86_64-linux-gnu/libc-2.31.so
7ff1748c4000-7ff17490e000 r--p 0019d000 08:05 794011                     /usr/lib/x86_64-linux-gnu/libc-2.31.so
7ff17490e000-7ff17490f000 ---p 001e7000 08:05 794011                     /usr/lib/x86_64-linux-gnu/libc-2.31.so
7ff17490f000-7ff174912000 r--p 001e7000 08:05 794011                     /usr/lib/x86_64-linux-gnu/libc-2.31.so
7ff174912000-7ff174915000 rw-p 001ea000 08:05 794011                     /usr/lib/x86_64-linux-gnu/libc-2.31.so
7ff174915000-7ff174919000 rw-p 00000000 00:00 0 
7ff174919000-7ff17491a000 r--s 0000a000 08:05 1580845                    /usr/lib/jvm/java-8-openjdk-amd64/jre/lib/ext/jaccess.jar
7ff17491a000-7ff17491c000 r--s 0000c000 08:05 1580921                    /usr/share/java/java-atk-wrapper.jar
7ff17491c000-7ff174924000 rw-s 00000000 08:05 789735                     /tmp/hsperfdata_user/26398
7ff174924000-7ff174925000 r--p 00000000 08:05 1449380                    /usr/lib/jvm/java-8-openjdk-amd64/jre/lib/amd64/libnpt.so
7ff174925000-7ff174927000 r-xp 00001000 08:05 1449380                    /usr/lib/jvm/java-8-openjdk-amd64/jre/lib/amd64/libnpt.so
7ff174927000-7ff174928000 r--p 00003000 08:05 1449380                    /usr/lib/jvm/java-8-openjdk-amd64/jre/lib/amd64/libnpt.so
7ff174928000-7ff174929000 r--p 00003000 08:05 1449380                    /usr/lib/jvm/java-8-openjdk-amd64/jre/lib/amd64/libnpt.so
7ff174929000-7ff17492a000 rw-p 00004000 08:05 1449380                    /usr/lib/jvm/java-8-openjdk-amd64/jre/lib/amd64/libnpt.so
7ff17492a000-7ff17492b000 rw-p 00000000 00:00 0 
7ff17492b000-7ff17492e000 r--p 00000000 08:05 1445973                    /usr/lib/jvm/java-8-openjdk-amd64/jre/lib/amd64/jli/libjli.so
7ff17492e000-7ff174938000 r-xp 00003000 08:05 1445973                    /usr/lib/jvm/java-8-openjdk-amd64/jre/lib/amd64/jli/libjli.so
7ff174938000-7ff17493b000 r--p 0000d000 08:05 1445973                    /usr/lib/jvm/java-8-openjdk-amd64/jre/lib/amd64/jli/libjli.so
7ff17493b000-7ff17493c000 r--p 0000f000 08:05 1445973                    /usr/lib/jvm/java-8-openjdk-amd64/jre/lib/amd64/jli/libjli.so
7ff17493c000-7ff17493d000 rw-p 00010000 08:05 1445973                    /usr/lib/jvm/java-8-openjdk-amd64/jre/lib/amd64/jli/libjli.so
7ff17493d000-7ff17493f000 rw-p 00000000 00:00 0 
7ff17493f000-7ff174940000 r--p 00000000 08:05 793795                     /usr/lib/x86_64-linux-gnu/ld-2.31.so
7ff174940000-7ff174963000 r-xp 00001000 08:05 793795                     /usr/lib/x86_64-linux-gnu/ld-2.31.so
7ff174963000-7ff17496b000 r--p 00024000 08:05 793795                     /usr/lib/x86_64-linux-gnu/ld-2.31.so
7ff17496b000-7ff17496c000 r--p 00000000 00:00 0 
7ff17496c000-7ff17496d000 r--p 0002c000 08:05 793795                     /usr/lib/x86_64-linux-gnu/ld-2.31.so
7ff17496d000-7ff17496e000 rw-p 0002d000 08:05 793795                     /usr/lib/x86_64-linux-gnu/ld-2.31.so
7ff17496e000-7ff17496f000 rw-p 00000000 00:00 0 
7ffdcf181000-7ffdcf1a3000 rw-p 00000000 00:00 0                          [stack]
7ffdcf1c5000-7ffdcf1c9000 r--p 00000000 00:00 0                          [vvar]
7ffdcf1c9000-7ffdcf1cb000 r-xp 00000000 00:00 0                          [vdso]
ffffffffff600000-ffffffffff601000 --xp 00000000 00:00 0                  [vsyscall]

VM Arguments:
jvm_args: -agentlib:jdwp=transport=dt_socket,suspend=y,address=localhost:40209 -javaagent:/home/user/Downloads/eclipse-jee-2018-09-linux-gtk-x86_64/eclipse/configuration/org.eclipse.osgi/414/0/.cp/lib/javaagent-shaded.jar -Dfile.encoding=UTF-8 
java_command: com.jithin.azure.eventhubdemo.Receiver
java_class_path (initial): /home/user/eclipse-workspace/testings/eventhubdemo/target/classes:/home/user/.m2/repository/com/azure/azure-messaging-eventhubs/5.7.0/azure-messaging-eventhubs-5.7.0.jar:/home/user/.m2/repository/com/azure/azure-core/1.15.0/azure-core-1.15.0.jar:/home/user/.m2/repository/com/fasterxml/jackson/core/jackson-annotations/2.12.2/jackson-annotations-2.12.2.jar:/home/user/.m2/repository/com/fasterxml/jackson/core/jackson-core/2.12.2/jackson-core-2.12.2.jar:/home/user/.m2/repository/com/fasterxml/jackson/core/jackson-databind/2.12.2/jackson-databind-2.12.2.jar:/home/user/.m2/repository/com/fasterxml/jackson/datatype/jackson-datatype-jsr310/2.12.2/jackson-datatype-jsr310-2.12.2.jar:/home/user/.m2/repository/com/fasterxml/jackson/dataformat/jackson-dataformat-xml/2.12.2/jackson-dataformat-xml-2.12.2.jar:/home/user/.m2/repository/com/fasterxml/jackson/module/jackson-module-jaxb-annotations/2.12.2/jackson-module-jaxb-annotations-2.12.2.jar:/home/user/.m2/repository/jakarta/xml/bind/jakarta.xml.bind-api/2.3.2/jakarta.xml.bind-api-2.3.2.jar:/home/user/.m2/repository/jakarta/activation/jakarta.activation-api/1.2.1/jakarta.activation-api-1.2.1.jar:/home/user/.m2/repository/org/codehaus/woodstox/stax2-api/4.2.1/stax2-api-4.2.1.jar:/home/user/.m2/repository/com/fasterxml/woodstox/woodstox-core/6.2.4/woodstox-core-6.2.4.jar:/home/user/.m2/repository/io/projectreactor/reactor-core/3.4.3/reactor-core-3.4.3.jar:/home/user/.m2/repository/org/reactivestreams/reactive-streams/1.0.3/reactive-streams-1.0.3.jar:/home/user/.m2/repository/io/netty/netty-tcnative-boringssl-static/2.0.36.Final/netty-tcnative-boringssl-static-2.0.36.Final.jar:/home/user/.m2/repository/com/azure/azure-core-amqp/2.0.4/azure-core-amqp-2.0.4.jar:/home/user/.m2/repository/com/microsoft/azure/qpid-proton-j-extensions/1.2.3/qpid-proton-j-extensions-1.2.3.jar:/home/user/.m2/repository/org/apache/qpid/proton-j/0.33.4/proton-j-0.33.4.jar:/home/user/.m2/repository/com/azure/azure-messaging-eventhu
Launcher Type: SUN_STANDARD

Environment Variables:
PATH=/usr/local/sbin:/usr/local/bin:/usr/sbin:/usr/bin:/sbin:/bin:/usr/games:/usr/local/games:/snap/bin
USERNAME=user
SHELL=/bin/bash
DISPLAY=:0

Signal Handlers:
SIGSEGV: [libjvm.so+0xb365d0], sa_mask[0]=11111111011111111101111111111110, sa_flags=SA_RESTART|SA_SIGINFO
SIGBUS: [libjvm.so+0xb365d0], sa_mask[0]=11111111011111111101111111111110, sa_flags=SA_RESTART|SA_SIGINFO
SIGFPE: [libjvm.so+0x97b8c0], sa_mask[0]=11111111011111111101111111111110, sa_flags=SA_RESTART|SA_SIGINFO
SIGPIPE: [libjvm.so+0x97b8c0], sa_mask[0]=11111111011111111101111111111110, sa_flags=SA_RESTART|SA_SIGINFO
SIGXFSZ: [libjvm.so+0x97b8c0], sa_mask[0]=11111111011111111101111111111110, sa_flags=SA_RESTART|SA_SIGINFO
SIGILL: [libjvm.so+0x97b8c0], sa_mask[0]=11111111011111111101111111111110, sa_flags=SA_RESTART|SA_SIGINFO
SIGUSR1: SIG_DFL, sa_mask[0]=00000000000000000000000000000000, sa_flags=none
SIGUSR2: [libjvm.so+0x97b770], sa_mask[0]=00100000000000000000000000000000, sa_flags=SA_RESTART|SA_SIGINFO
SIGHUP: [libjvm.so+0x97bb40], sa_mask[0]=11111111011111111101111111111110, sa_flags=SA_RESTART|SA_SIGINFO
SIGINT: [libjvm.so+0x97bb40], sa_mask[0]=11111111011111111101111111111110, sa_flags=SA_RESTART|SA_SIGINFO
SIGTERM: [libjvm.so+0x97bb40], sa_mask[0]=11111111011111111101111111111110, sa_flags=SA_RESTART|SA_SIGINFO
SIGQUIT: [libjvm.so+0x97bb40], sa_mask[0]=11111111011111111101111111111110, sa_flags=SA_RESTART|SA_SIGINFO


---------------  S Y S T E M  ---------------

OS:DISTRIB_ID=Ubuntu
DISTRIB_RELEASE=20.04
DISTRIB_CODENAME=focal
DISTRIB_DESCRIPTION="Ubuntu 20.04.2 LTS"

uname:Linux 5.8.0-63-generic #71~20.04.1-Ubuntu SMP Thu Jul 15 17:46:08 UTC 2021 x86_64
libc:glibc 2.31 NPTL 2.31 
rlimit: STACK 8192k, CORE 0k, NPROC 63434, NOFILE 1048576, AS infinity
load average:1.12 1.12 1.03

/proc/meminfo:
MemTotal:       16299500 kB
MemFree:         7673980 kB
MemAvailable:   10626084 kB
Buffers:          154544 kB
Cached:          3510084 kB
SwapCached:            0 kB
Active:          5575324 kB
Inactive:        2037520 kB
Active(anon):    4422716 kB
Inactive(anon):    72796 kB
Active(file):    1152608 kB
Inactive(file):  1964724 kB
Unevictable:      477144 kB
Mlocked:             144 kB
SwapTotal:       2097148 kB
SwapFree:        2097148 kB
Dirty:               176 kB
Writeback:             0 kB
AnonPages:       4425444 kB
Mapped:           794124 kB
Shmem:            551884 kB
KReclaimable:     171728 kB
Slab:             360692 kB
SReclaimable:     171728 kB
SUnreclaim:       188964 kB
KernelStack:       20960 kB
PageTables:        42664 kB
NFS_Unstable:          0 kB
Bounce:                0 kB
WritebackTmp:          0 kB
CommitLimit:    10246896 kB
Committed_AS:   15755028 kB
VmallocTotal:   34359738367 kB
VmallocUsed:       64404 kB
VmallocChunk:          0 kB
Percpu:             8096 kB
HardwareCorrupted:     0 kB
AnonHugePages:         0 kB
ShmemHugePages:        0 kB
ShmemPmdMapped:        0 kB
FileHugePages:         0 kB
FilePmdMapped:         0 kB
HugePages_Total:       0
HugePages_Free:        0
HugePages_Rsvd:        0
HugePages_Surp:        0
Hugepagesize:       2048 kB
Hugetlb:               0 kB
DirectMap4k:      533856 kB
DirectMap2M:    14049280 kB
DirectMap1G:     2097152 kB

container (cgroup) information:
container_type: cgroupv1
cpu_cpuset_cpus: 0-7
cpu_memory_nodes: 0
active_processor_count: 8
cpu_quota: -1
cpu_period: 100000
cpu_shares: -1
memory_limit_in_bytes: -1
memory_and_swap_limit_in_bytes: -1
memory_soft_limit_in_bytes: -1
memory_usage_in_bytes: 6385774592
memory_max_usage_in_bytes: 6664036352


CPU:total 8 (initial active 8) (4 cores per cpu, 2 threads per core) family 6 model 60 stepping 3, cmov, cx8, fxsr, mmx, sse, sse2, sse3, ssse3, sse4.1, sse4.2, popcnt, avx, avx2, aes, clmul, erms, lzcnt, ht, tsc, tscinvbit, bmi1, bmi2

/proc/cpuinfo:
processor	: 0
vendor_id	: GenuineIntel
cpu family	: 6
model		: 60
model name	: Intel(R) Core(TM) i7-4810MQ CPU @ 2.80GHz
stepping	: 3
microcode	: 0x28
cpu MHz		: 1701.578
cache size	: 6144 KB
physical id	: 0
siblings	: 8
core id		: 0
cpu cores	: 4
apicid		: 0
initial apicid	: 0
fpu		: yes
fpu_exception	: yes
cpuid level	: 13
wp		: yes
flags		: fpu vme de pse tsc msr pae mce cx8 apic sep mtrr pge mca cmov pat pse36 clflush dts acpi mmx fxsr sse sse2 ss ht tm pbe syscall nx pdpe1gb rdtscp lm constant_tsc arch_perfmon pebs bts rep_good nopl xtopology nonstop_tsc cpuid aperfmperf pni pclmulqdq dtes64 monitor ds_cpl vmx smx est tm2 ssse3 sdbg fma cx16 xtpr pdcm pcid sse4_1 sse4_2 x2apic movbe popcnt tsc_deadline_timer aes xsave avx f16c rdrand lahf_lm abm cpuid_fault epb invpcid_single pti ssbd ibrs ibpb stibp tpr_shadow vnmi flexpriority ept vpid ept_ad fsgsbase tsc_adjust bmi1 avx2 smep bmi2 erms invpcid xsaveopt dtherm ida arat pln pts md_clear flush_l1d
vmx flags	: vnmi preemption_timer invvpid ept_x_only ept_ad ept_1gb flexpriority tsc_offset vtpr mtf vapic ept vpid unrestricted_guest ple shadow_vmcs
bugs		: cpu_meltdown spectre_v1 spectre_v2 spec_store_bypass l1tf mds swapgs itlb_multihit srbds
bogomips	: 5587.15
clflush size	: 64
cache_alignment	: 64
address sizes	: 39 bits physical, 48 bits virtual
power management:

processor	: 1
vendor_id	: GenuineIntel
cpu family	: 6
model		: 60
model name	: Intel(R) Core(TM) i7-4810MQ CPU @ 2.80GHz
stepping	: 3
microcode	: 0x28
cpu MHz		: 1707.042
cache size	: 6144 KB
physical id	: 0
siblings	: 8
core id		: 1
cpu cores	: 4
apicid		: 2
initial apicid	: 2
fpu		: yes
fpu_exception	: yes
cpuid level	: 13
wp		: yes
flags		: fpu vme de pse tsc msr pae mce cx8 apic sep mtrr pge mca cmov pat pse36 clflush dts acpi mmx fxsr sse sse2 ss ht tm pbe syscall nx pdpe1gb rdtscp lm constant_tsc arch_perfmon pebs bts rep_good nopl xtopology nonstop_tsc cpuid aperfmperf pni pclmulqdq dtes64 monitor ds_cpl vmx smx est tm2 ssse3 sdbg fma cx16 xtpr pdcm pcid sse4_1 sse4_2 x2apic movbe popcnt tsc_deadline_timer aes xsave avx f16c rdrand lahf_lm abm cpuid_fault epb invpcid_single pti ssbd ibrs ibpb stibp tpr_shadow vnmi flexpriority ept vpid ept_ad fsgsbase tsc_adjust bmi1 avx2 smep bmi2 erms invpcid xsaveopt dtherm ida arat pln pts md_clear flush_l1d
vmx flags	: vnmi preemption_timer invvpid ept_x_only ept_ad ept_1gb flexpriority tsc_offset vtpr mtf vapic ept vpid unrestricted_guest ple shadow_vmcs
bugs		: cpu_meltdown spectre_v1 spectre_v2 spec_store_bypass l1tf mds swapgs itlb_multihit srbds
bogomips	: 5587.15
clflush size	: 64
cache_alignment	: 64
address sizes	: 39 bits physical, 48 bits virtual
power management:

processor	: 2
vendor_id	: GenuineIntel
cpu family	: 6
model		: 60
model name	: Intel(R) Core(TM) i7-4810MQ CPU @ 2.80GHz
stepping	: 3
microcode	: 0x28
cpu MHz		: 1723.529
cache size	: 6144 KB
physical id	: 0
siblings	: 8
core id		: 2
cpu cores	: 4
apicid		: 4
initial apicid	: 4
fpu		: yes
fpu_exception	: yes
cpuid level	: 13
wp		: yes
flags		: fpu vme de pse tsc msr pae mce cx8 apic sep mtrr pge mca cmov pat pse36 clflush dts acpi mmx fxsr sse sse2 ss ht tm pbe syscall nx pdpe1gb rdtscp lm constant_tsc arch_perfmon pebs bts rep_good nopl xtopology nonstop_tsc cpuid aperfmperf pni pclmulqdq dtes64 monitor ds_cpl vmx smx est tm2 ssse3 sdbg fma cx16 xtpr pdcm pcid sse4_1 sse4_2 x2apic movbe popcnt tsc_deadline_timer aes xsave avx f16c rdrand lahf_lm abm cpuid_fault epb invpcid_single pti ssbd ibrs ibpb stibp tpr_shadow vnmi flexpriority ept vpid ept_ad fsgsbase tsc_adjust bmi1 avx2 smep bmi2 erms invpcid xsaveopt dtherm ida arat pln pts md_clear flush_l1d
vmx flags	: vnmi preemption_timer invvpid ept_x_only ept_ad ept_1gb flexpriority tsc_offset vtpr mtf vapic ept vpid unrestricted_guest ple shadow_vmcs
bugs		: cpu_meltdown spectre_v1 spectre_v2 spec_store_bypass l1tf mds swapgs itlb_multihit srbds
bogomips	: 5587.15
clflush size	: 64
cache_alignment	: 64
address sizes	: 39 bits physical, 48 bits virtual
power management:

processor	: 3
vendor_id	: GenuineIntel
cpu family	: 6
model		: 60
model name	: Intel(R) Core(TM) i7-4810MQ CPU @ 2.80GHz
stepping	: 3
microcode	: 0x28
cpu MHz		: 1650.801
cache size	: 6144 KB
physical id	: 0
siblings	: 8
core id		: 3
cpu cores	: 4
apicid		: 6
initial apicid	: 6
fpu		: yes
fpu_exception	: yes
cpuid level	: 13
wp		: yes
flags		: fpu vme de pse tsc msr pae mce cx8 apic sep mtrr pge mca cmov pat pse36 clflush dts acpi mmx fxsr sse sse2 ss ht tm pbe syscall nx pdpe1gb rdtscp lm constant_tsc arch_perfmon pebs bts rep_good nopl xtopology nonstop_tsc cpuid aperfmperf pni pclmulqdq dtes64 monitor ds_cpl vmx smx est tm2 ssse3 sdbg fma cx16 xtpr pdcm pcid sse4_1 sse4_2 x2apic movbe popcnt tsc_deadline_timer aes xsave avx f16c rdrand lahf_lm abm cpuid_fault epb invpcid_single pti ssbd ibrs ibpb stibp tpr_shadow vnmi flexpriority ept vpid ept_ad fsgsbase tsc_adjust bmi1 avx2 smep bmi2 erms invpcid xsaveopt dtherm ida arat pln pts md_clear flush_l1d
vmx flags	: vnmi preemption_timer invvpid ept_x_only ept_ad ept_1gb flexpriority tsc_offset vtpr mtf vapic ept vpid unrestricted_guest ple shadow_vmcs
bugs		: cpu_meltdown spectre_v1 spectre_v2 spec_store_bypass l1tf mds swapgs itlb_multihit srbds
bogomips	: 5587.15
clflush size	: 64
cache_alignment	: 64
address sizes	: 39 bits physical, 48 bits virtual
power management:

processor	: 4
vendor_id	: GenuineIntel
cpu family	: 6
model		: 60
model name	: Intel(R) Core(TM) i7-4810MQ CPU @ 2.80GHz
stepping	: 3
microcode	: 0x28
cpu MHz		: 1719.435
cache size	: 6144 KB
physical id	: 0
siblings	: 8
core id		: 0
cpu cores	: 4
apicid		: 1
initial apicid	: 1
fpu		: yes
fpu_exception	: yes
cpuid level	: 13
wp		: yes
flags		: fpu vme de pse tsc msr pae mce cx8 apic sep mtrr pge mca cmov pat pse36 clflush dts acpi mmx fxsr sse sse2 ss ht tm pbe syscall nx pdpe1gb rdtscp lm constant_tsc arch_perfmon pebs bts rep_good nopl xtopology nonstop_tsc cpuid aperfmperf pni pclmulqdq dtes64 monitor ds_cpl vmx smx est tm2 ssse3 sdbg fma cx16 xtpr pdcm pcid sse4_1 sse4_2 x2apic movbe popcnt tsc_deadline_timer aes xsave avx f16c rdrand lahf_lm abm cpuid_fault epb invpcid_single pti ssbd ibrs ibpb stibp tpr_shadow vnmi flexpriority ept vpid ept_ad fsgsbase tsc_adjust bmi1 avx2 smep bmi2 erms invpcid xsaveopt dtherm ida arat pln pts md_clear flush_l1d
vmx flags	: vnmi preemption_timer invvpid ept_x_only ept_ad ept_1gb flexpriority tsc_offset vtpr mtf vapic ept vpid unrestricted_guest ple shadow_vmcs
bugs		: cpu_meltdown spectre_v1 spectre_v2 spec_store_bypass l1tf mds swapgs itlb_multihit srbds
bogomips	: 5587.15
clflush size	: 64
cache_alignment	: 64
address sizes	: 39 bits physical, 48 bits virtual
power management:

processor	: 5
vendor_id	: GenuineIntel
cpu family	: 6
model		: 60
model name	: Intel(R) Core(TM) i7-4810MQ CPU @ 2.80GHz
stepping	: 3
microcode	: 0x28
cpu MHz		: 1821.955
cache size	: 6144 KB
physical id	: 0
siblings	: 8
core id		: 1
cpu cores	: 4
apicid		: 3
initial apicid	: 3
fpu		: yes
fpu_exception	: yes
cpuid level	: 13
wp		: yes
flags		: fpu vme de pse tsc msr pae mce cx8 apic sep mtrr pge mca cmov pat pse36 clflush dts acpi mmx fxsr sse sse2 ss ht tm pbe syscall nx pdpe1gb rdtscp lm constant_tsc arch_perfmon pebs bts rep_good nopl xtopology nonstop_tsc cpuid aperfmperf pni pclmulqdq dtes64 monitor ds_cpl vmx smx est tm2 ssse3 sdbg fma cx16 xtpr pdcm pcid sse4_1 sse4_2 x2apic movbe popcnt tsc_deadline_timer aes xsave avx f16c rdrand lahf_lm abm cpuid_fault epb invpcid_single pti ssbd ibrs ibpb stibp tpr_shadow vnmi flexpriority ept vpid ept_ad fsgsbase tsc_adjust bmi1 avx2 smep bmi2 erms invpcid xsaveopt dtherm ida arat pln pts md_clear flush_l1d
vmx flags	: vnmi preemption_timer invvpid ept_x_only ept_ad ept_1gb flexpriority tsc_offset vtpr mtf vapic ept vpid unrestricted_guest ple shadow_vmcs
bugs		: cpu_meltdown spectre_v1 spectre_v2 spec_store_bypass l1tf mds swapgs itlb_multihit srbds
bogomips	: 5587.15
clflush size	: 64
cache_alignment	: 64
address sizes	: 39 bits physical, 48 bits virtual
power management:

processor	: 6
vendor_id	: GenuineIntel
cpu family	: 6
model		: 60
model name	: Intel(R) Core(TM) i7-4810MQ CPU @ 2.80GHz
stepping	: 3
microcode	: 0x28
cpu MHz		: 1675.380
cache size	: 6144 KB
physical id	: 0
siblings	: 8
core id		: 2
cpu cores	: 4
apicid		: 5
initial apicid	: 5
fpu		: yes
fpu_exception	: yes
cpuid level	: 13
wp		: yes
flags		: fpu vme de pse tsc msr pae mce cx8 apic sep mtrr pge mca cmov pat pse36 clflush dts acpi mmx fxsr sse sse2 ss ht tm pbe syscall nx pdpe1gb rdtscp lm constant_tsc arch_perfmon pebs bts rep_good nopl xtopology nonstop_tsc cpuid aperfmperf pni pclmulqdq dtes64 monitor ds_cpl vmx smx est tm2 ssse3 sdbg fma cx16 xtpr pdcm pcid sse4_1 sse4_2 x2apic movbe popcnt tsc_deadline_timer aes xsave avx f16c rdrand lahf_lm abm cpuid_fault epb invpcid_single pti ssbd ibrs ibpb stibp tpr_shadow vnmi flexpriority ept vpid ept_ad fsgsbase tsc_adjust bmi1 avx2 smep bmi2 erms invpcid xsaveopt dtherm ida arat pln pts md_clear flush_l1d
vmx flags	: vnmi preemption_timer invvpid ept_x_only ept_ad ept_1gb flexpriority tsc_offset vtpr mtf vapic ept vpid unrestricted_guest ple shadow_vmcs
bugs		: cpu_meltdown spectre_v1 spectre_v2 spec_store_bypass l1tf mds swapgs itlb_multihit srbds
bogomips	: 5587.15
clflush size	: 64
cache_alignment	: 64
address sizes	: 39 bits physical, 48 bits virtual
power management:

processor	: 7
vendor_id	: GenuineIntel
cpu family	: 6
model		: 60
model name	: Intel(R) Core(TM) i7-4810MQ CPU @ 2.80GHz
stepping	: 3
microcode	: 0x28
cpu MHz		: 1704.212
cache size	: 6144 KB
physical id	: 0
siblings	: 8
core id		: 3
cpu cores	: 4
apicid		: 7
initial apicid	: 7
fpu		: yes
fpu_exception	: yes
cpuid level	: 13
wp		: yes
flags		: fpu vme de pse tsc msr pae mce cx8 apic sep mtrr pge mca cmov pat pse36 clflush dts acpi mmx fxsr sse sse2 ss ht tm pbe syscall nx pdpe1gb rdtscp lm constant_tsc arch_perfmon pebs bts rep_good nopl xtopology nonstop_tsc cpuid aperfmperf pni pclmulqdq dtes64 monitor ds_cpl vmx smx est tm2 ssse3 sdbg fma cx16 xtpr pdcm pcid sse4_1 sse4_2 x2apic movbe popcnt tsc_deadline_timer aes xsave avx f16c rdrand lahf_lm abm cpuid_fault epb invpcid_single pti ssbd ibrs ibpb stibp tpr_shadow vnmi flexpriority ept vpid ept_ad fsgsbase tsc_adjust bmi1 avx2 smep bmi2 erms invpcid xsaveopt dtherm ida arat pln pts md_clear flush_l1d
vmx flags	: vnmi preemption_timer invvpid ept_x_only ept_ad ept_1gb flexpriority tsc_offset vtpr mtf vapic ept vpid unrestricted_guest ple shadow_vmcs
bugs		: cpu_meltdown spectre_v1 spectre_v2 spec_store_bypass l1tf mds swapgs itlb_multihit srbds
bogomips	: 5587.15
clflush size	: 64
cache_alignment	: 64
address sizes	: 39 bits physical, 48 bits virtual
power management:



Memory: 4k page, physical 16299500k(7673728k free), swap 2097148k(2097148k free)

vm_info: OpenJDK 64-Bit Server VM (25.292-b10) for linux-amd64 JRE (1.8.0_292-8u292-b10-0ubuntu1~20.04-b10), built on Apr 21 2021 11:46:09 by "buildd" with gcc 9.3.0

time: Fri Jul 23 18:30:45 2021
timezone: IST
elapsed time: 86.766975 seconds (0d 0h 1m 26s)

